{"total": {"lines":{"total":3076,"covered":2926,"skipped":0,"pct":95.12},"statements":{"total":3196,"covered":3038,"skipped":0,"pct":95.05},"functions":{"total":718,"covered":696,"skipped":0,"pct":96.93},"branches":{"total":1597,"covered":1358,"skipped":0,"pct":85.03},"branchesTrue":{"total":0,"covered":0,"skipped":0,"pct":"Unknown"}}
,"/mnt/wsl/PHYSICALDRIVE1p1/source/repos/ai-capabilities-suite/packages/mcp-debugger-core/src/lib/audit-logger.ts": {"lines":{"total":21,"covered":21,"skipped":0,"pct":100},"functions":{"total":15,"covered":15,"skipped":0,"pct":100},"statements":{"total":25,"covered":25,"skipped":0,"pct":100},"branches":{"total":8,"covered":8,"skipped":0,"pct":100}}
,"/mnt/wsl/PHYSICALDRIVE1p1/source/repos/ai-capabilities-suite/packages/mcp-debugger-core/src/lib/auth-manager.ts": {"lines":{"total":87,"covered":85,"skipped":0,"pct":97.7},"functions":{"total":21,"covered":21,"skipped":0,"pct":100},"statements":{"total":89,"covered":87,"skipped":0,"pct":97.75},"branches":{"total":36,"covered":32,"skipped":0,"pct":88.88}}
,"/mnt/wsl/PHYSICALDRIVE1p1/source/repos/ai-capabilities-suite/packages/mcp-debugger-core/src/lib/breakpoint-manager.ts": {"lines":{"total":78,"covered":78,"skipped":0,"pct":100},"functions":{"total":24,"covered":24,"skipped":0,"pct":100},"statements":{"total":79,"covered":79,"skipped":0,"pct":100},"branches":{"total":29,"covered":29,"skipped":0,"pct":100}}
,"/mnt/wsl/PHYSICALDRIVE1p1/source/repos/ai-capabilities-suite/packages/mcp-debugger-core/src/lib/breakpoint-suggester.ts": {"lines":{"total":100,"covered":96,"skipped":0,"pct":96},"functions":{"total":24,"covered":24,"skipped":0,"pct":100},"statements":{"total":100,"covered":96,"skipped":0,"pct":96},"branches":{"total":67,"covered":57,"skipped":0,"pct":85.07}}
,"/mnt/wsl/PHYSICALDRIVE1p1/source/repos/ai-capabilities-suite/packages/mcp-debugger-core/src/lib/cdp-breakpoint-operations.ts": {"lines":{"total":64,"covered":64,"skipped":0,"pct":100},"functions":{"total":12,"covered":12,"skipped":0,"pct":100},"statements":{"total":64,"covered":64,"skipped":0,"pct":100},"branches":{"total":28,"covered":27,"skipped":0,"pct":96.42}}
,"/mnt/wsl/PHYSICALDRIVE1p1/source/repos/ai-capabilities-suite/packages/mcp-debugger-core/src/lib/circuit-breaker.ts": {"lines":{"total":85,"covered":83,"skipped":0,"pct":97.64},"functions":{"total":28,"covered":27,"skipped":0,"pct":96.42},"statements":{"total":87,"covered":85,"skipped":0,"pct":97.7},"branches":{"total":18,"covered":16,"skipped":0,"pct":88.88}}
,"/mnt/wsl/PHYSICALDRIVE1p1/source/repos/ai-capabilities-suite/packages/mcp-debugger-core/src/lib/cpu-profiler.ts": {"lines":{"total":97,"covered":97,"skipped":0,"pct":100},"functions":{"total":15,"covered":15,"skipped":0,"pct":100},"statements":{"total":105,"covered":105,"skipped":0,"pct":100},"branches":{"total":51,"covered":48,"skipped":0,"pct":94.11}}
,"/mnt/wsl/PHYSICALDRIVE1p1/source/repos/ai-capabilities-suite/packages/mcp-debugger-core/src/lib/data-masker.ts": {"lines":{"total":80,"covered":78,"skipped":0,"pct":97.5},"functions":{"total":24,"covered":24,"skipped":0,"pct":100},"statements":{"total":86,"covered":84,"skipped":0,"pct":97.67},"branches":{"total":49,"covered":46,"skipped":0,"pct":93.87}}
,"/mnt/wsl/PHYSICALDRIVE1p1/source/repos/ai-capabilities-suite/packages/mcp-debugger-core/src/lib/debug-presets.ts": {"lines":{"total":48,"covered":48,"skipped":0,"pct":100},"functions":{"total":14,"covered":14,"skipped":0,"pct":100},"statements":{"total":49,"covered":49,"skipped":0,"pct":100},"branches":{"total":46,"covered":46,"skipped":0,"pct":100}}
,"/mnt/wsl/PHYSICALDRIVE1p1/source/repos/ai-capabilities-suite/packages/mcp-debugger-core/src/lib/debug-session.ts": {"lines":{"total":392,"covered":363,"skipped":0,"pct":92.6},"functions":{"total":92,"covered":87,"skipped":0,"pct":94.56},"statements":{"total":395,"covered":366,"skipped":0,"pct":92.65},"branches":{"total":245,"covered":203,"skipped":0,"pct":82.85}}
,"/mnt/wsl/PHYSICALDRIVE1p1/source/repos/ai-capabilities-suite/packages/mcp-debugger-core/src/lib/debugger-core.ts": {"lines":{"total":4,"covered":4,"skipped":0,"pct":100},"functions":{"total":2,"covered":2,"skipped":0,"pct":100},"statements":{"total":4,"covered":4,"skipped":0,"pct":100},"branches":{"total":0,"covered":0,"skipped":0,"pct":100}}
,"/mnt/wsl/PHYSICALDRIVE1p1/source/repos/ai-capabilities-suite/packages/mcp-debugger-core/src/lib/hang-detector.ts": {"lines":{"total":135,"covered":127,"skipped":0,"pct":94.07},"functions":{"total":16,"covered":16,"skipped":0,"pct":100},"statements":{"total":141,"covered":132,"skipped":0,"pct":93.61},"branches":{"total":96,"covered":70,"skipped":0,"pct":72.91}}
,"/mnt/wsl/PHYSICALDRIVE1p1/source/repos/ai-capabilities-suite/packages/mcp-debugger-core/src/lib/health-checker.ts": {"lines":{"total":72,"covered":71,"skipped":0,"pct":98.61},"functions":{"total":28,"covered":28,"skipped":0,"pct":100},"statements":{"total":79,"covered":78,"skipped":0,"pct":98.73},"branches":{"total":23,"covered":16,"skipped":0,"pct":69.56}}
,"/mnt/wsl/PHYSICALDRIVE1p1/source/repos/ai-capabilities-suite/packages/mcp-debugger-core/src/lib/inspector-client.ts": {"lines":{"total":67,"covered":62,"skipped":0,"pct":92.53},"functions":{"total":18,"covered":17,"skipped":0,"pct":94.44},"statements":{"total":67,"covered":62,"skipped":0,"pct":92.53},"branches":{"total":17,"covered":16,"skipped":0,"pct":94.11}}
,"/mnt/wsl/PHYSICALDRIVE1p1/source/repos/ai-capabilities-suite/packages/mcp-debugger-core/src/lib/memory-profiler.ts": {"lines":{"total":105,"covered":105,"skipped":0,"pct":100},"functions":{"total":21,"covered":21,"skipped":0,"pct":100},"statements":{"total":110,"covered":110,"skipped":0,"pct":100},"branches":{"total":20,"covered":18,"skipped":0,"pct":90}}
,"/mnt/wsl/PHYSICALDRIVE1p1/source/repos/ai-capabilities-suite/packages/mcp-debugger-core/src/lib/metrics-collector.ts": {"lines":{"total":83,"covered":82,"skipped":0,"pct":98.79},"functions":{"total":30,"covered":30,"skipped":0,"pct":100},"statements":{"total":87,"covered":86,"skipped":0,"pct":98.85},"branches":{"total":25,"covered":23,"skipped":0,"pct":92}}
,"/mnt/wsl/PHYSICALDRIVE1p1/source/repos/ai-capabilities-suite/packages/mcp-debugger-core/src/lib/multi-target-debugger.ts": {"lines":{"total":124,"covered":113,"skipped":0,"pct":91.12},"functions":{"total":39,"covered":33,"skipped":0,"pct":84.61},"statements":{"total":133,"covered":121,"skipped":0,"pct":90.97},"branches":{"total":48,"covered":41,"skipped":0,"pct":85.41}}
,"/mnt/wsl/PHYSICALDRIVE1p1/source/repos/ai-capabilities-suite/packages/mcp-debugger-core/src/lib/performance-timeline.ts": {"lines":{"total":91,"covered":91,"skipped":0,"pct":100},"functions":{"total":24,"covered":24,"skipped":0,"pct":100},"statements":{"total":99,"covered":98,"skipped":0,"pct":98.98},"branches":{"total":33,"covered":31,"skipped":0,"pct":93.93}}
,"/mnt/wsl/PHYSICALDRIVE1p1/source/repos/ai-capabilities-suite/packages/mcp-debugger-core/src/lib/process-spawner.ts": {"lines":{"total":49,"covered":41,"skipped":0,"pct":83.67},"functions":{"total":15,"covered":12,"skipped":0,"pct":80},"statements":{"total":50,"covered":42,"skipped":0,"pct":84},"branches":{"total":14,"covered":12,"skipped":0,"pct":85.71}}
,"/mnt/wsl/PHYSICALDRIVE1p1/source/repos/ai-capabilities-suite/packages/mcp-debugger-core/src/lib/prometheus-exporter.ts": {"lines":{"total":72,"covered":71,"skipped":0,"pct":98.61},"functions":{"total":22,"covered":21,"skipped":0,"pct":95.45},"statements":{"total":77,"covered":76,"skipped":0,"pct":98.7},"branches":{"total":21,"covered":19,"skipped":0,"pct":90.47}}
,"/mnt/wsl/PHYSICALDRIVE1p1/source/repos/ai-capabilities-suite/packages/mcp-debugger-core/src/lib/rate-limiter.ts": {"lines":{"total":103,"covered":101,"skipped":0,"pct":98.05},"functions":{"total":18,"covered":18,"skipped":0,"pct":100},"statements":{"total":104,"covered":102,"skipped":0,"pct":98.07},"branches":{"total":55,"covered":45,"skipped":0,"pct":81.81}}
,"/mnt/wsl/PHYSICALDRIVE1p1/source/repos/ai-capabilities-suite/packages/mcp-debugger-core/src/lib/resource-limiter.ts": {"lines":{"total":56,"covered":55,"skipped":0,"pct":98.21},"functions":{"total":16,"covered":16,"skipped":0,"pct":100},"statements":{"total":56,"covered":55,"skipped":0,"pct":98.21},"branches":{"total":34,"covered":33,"skipped":0,"pct":97.05}}
,"/mnt/wsl/PHYSICALDRIVE1p1/source/repos/ai-capabilities-suite/packages/mcp-debugger-core/src/lib/retry-handler.ts": {"lines":{"total":54,"covered":52,"skipped":0,"pct":96.29},"functions":{"total":12,"covered":12,"skipped":0,"pct":100},"statements":{"total":57,"covered":55,"skipped":0,"pct":96.49},"branches":{"total":23,"covered":17,"skipped":0,"pct":73.91}}
,"/mnt/wsl/PHYSICALDRIVE1p1/source/repos/ai-capabilities-suite/packages/mcp-debugger-core/src/lib/session-manager.ts": {"lines":{"total":45,"covered":45,"skipped":0,"pct":100},"functions":{"total":14,"covered":14,"skipped":0,"pct":100},"statements":{"total":46,"covered":46,"skipped":0,"pct":100},"branches":{"total":10,"covered":9,"skipped":0,"pct":90}}
,"/mnt/wsl/PHYSICALDRIVE1p1/source/repos/ai-capabilities-suite/packages/mcp-debugger-core/src/lib/session-recorder.ts": {"lines":{"total":145,"covered":138,"skipped":0,"pct":95.17},"functions":{"total":32,"covered":31,"skipped":0,"pct":96.87},"statements":{"total":154,"covered":146,"skipped":0,"pct":94.8},"branches":{"total":70,"covered":59,"skipped":0,"pct":84.28}}
,"/mnt/wsl/PHYSICALDRIVE1p1/source/repos/ai-capabilities-suite/packages/mcp-debugger-core/src/lib/session-timeout-manager.ts": {"lines":{"total":85,"covered":82,"skipped":0,"pct":96.47},"functions":{"total":22,"covered":22,"skipped":0,"pct":100},"statements":{"total":85,"covered":82,"skipped":0,"pct":96.47},"branches":{"total":39,"covered":32,"skipped":0,"pct":82.05}}
,"/mnt/wsl/PHYSICALDRIVE1p1/source/repos/ai-capabilities-suite/packages/mcp-debugger-core/src/lib/shutdown-handler.ts": {"lines":{"total":56,"covered":47,"skipped":0,"pct":83.92},"functions":{"total":19,"covered":15,"skipped":0,"pct":78.94},"statements":{"total":56,"covered":47,"skipped":0,"pct":83.92},"branches":{"total":5,"covered":4,"skipped":0,"pct":80}}
,"/mnt/wsl/PHYSICALDRIVE1p1/source/repos/ai-capabilities-suite/packages/mcp-debugger-core/src/lib/source-map-manager.ts": {"lines":{"total":95,"covered":91,"skipped":0,"pct":95.78},"functions":{"total":16,"covered":16,"skipped":0,"pct":100},"statements":{"total":95,"covered":91,"skipped":0,"pct":95.78},"branches":{"total":44,"covered":44,"skipped":0,"pct":100}}
,"/mnt/wsl/PHYSICALDRIVE1p1/source/repos/ai-capabilities-suite/packages/mcp-debugger-core/src/lib/structured-logger.ts": {"lines":{"total":86,"covered":82,"skipped":0,"pct":95.34},"functions":{"total":18,"covered":18,"skipped":0,"pct":100},"statements":{"total":91,"covered":86,"skipped":0,"pct":94.5},"branches":{"total":59,"covered":53,"skipped":0,"pct":89.83}}
,"/mnt/wsl/PHYSICALDRIVE1p1/source/repos/ai-capabilities-suite/packages/mcp-debugger-core/src/lib/test-runner.ts": {"lines":{"total":193,"covered":161,"skipped":0,"pct":83.41},"functions":{"total":17,"covered":17,"skipped":0,"pct":100},"statements":{"total":214,"covered":179,"skipped":0,"pct":83.64},"branches":{"total":163,"covered":116,"skipped":0,"pct":71.16}}
,"/mnt/wsl/PHYSICALDRIVE1p1/source/repos/ai-capabilities-suite/packages/mcp-debugger-core/src/lib/variable-formatter.ts": {"lines":{"total":118,"covered":113,"skipped":0,"pct":95.76},"functions":{"total":19,"covered":19,"skipped":0,"pct":100},"statements":{"total":121,"covered":116,"skipped":0,"pct":95.86},"branches":{"total":92,"covered":78,"skipped":0,"pct":84.78}}
,"/mnt/wsl/PHYSICALDRIVE1p1/source/repos/ai-capabilities-suite/packages/mcp-debugger-core/src/lib/variable-inspector.ts": {"lines":{"total":55,"covered":53,"skipped":0,"pct":96.36},"functions":{"total":11,"covered":11,"skipped":0,"pct":100},"statements":{"total":55,"covered":53,"skipped":0,"pct":96.36},"branches":{"total":53,"covered":49,"skipped":0,"pct":92.45}}
,"/mnt/wsl/PHYSICALDRIVE1p1/source/repos/ai-capabilities-suite/packages/mcp-debugger-core/src/lib/workspace-manager.ts": {"lines":{"total":131,"covered":126,"skipped":0,"pct":96.18},"functions":{"total":20,"covered":20,"skipped":0,"pct":100},"statements":{"total":136,"covered":131,"skipped":0,"pct":96.32},"branches":{"total":76,"covered":61,"skipped":0,"pct":80.26}}
}
