TN:
SF:src/lib/audit-logger.ts
FN:9,(anonymous_0)
FN:22,(anonymous_1)
FN:45,(anonymous_2)
FN:54,(anonymous_3)
FN:55,(anonymous_4)
FN:61,(anonymous_5)
FN:62,(anonymous_6)
FN:67,(anonymous_7)
FN:68,(anonymous_8)
FN:72,(anonymous_9)
FN:78,(anonymous_10)
FN:86,(anonymous_11)
FN:87,(anonymous_12)
FN:92,(anonymous_13)
FN:95,(anonymous_14)
FNF:15
FNH:15
FNDA:176,(anonymous_0)
FNDA:698,(anonymous_1)
FNDA:14,(anonymous_2)
FNDA:3,(anonymous_3)
FNDA:8,(anonymous_4)
FNDA:2,(anonymous_5)
FNDA:8,(anonymous_6)
FNDA:2,(anonymous_7)
FNDA:6,(anonymous_8)
FNDA:3,(anonymous_9)
FNDA:3,(anonymous_10)
FNDA:4,(anonymous_11)
FNDA:4,(anonymous_12)
FNDA:13,(anonymous_13)
FNDA:176,(anonymous_14)
DA:4,11
DA:7,11
DA:10,176
DA:13,11
DA:23,698
DA:32,698
DA:34,698
DA:35,6
DA:38,698
DA:39,1
DA:46,14
DA:55,8
DA:62,8
DA:68,6
DA:73,3
DA:79,3
DA:87,4
DA:93,13
DA:96,176
DA:97,176
DA:98,176
LF:21
LH:21
BRDA:34,0,0,6
BRDA:34,0,1,692
BRDA:38,1,0,1
BRDA:38,1,1,697
BRDA:87,2,0,4
BRDA:87,2,1,4
BRDA:95,3,0,170
BRDA:95,4,0,173
BRF:8
BRH:8
end_of_record
TN:
SF:src/lib/auth-manager.ts
FN:7,(anonymous_0)
FN:19,(anonymous_1)
FN:36,(anonymous_2)
FN:65,(anonymous_3)
FN:96,(anonymous_4)
FN:115,(anonymous_5)
FN:120,(anonymous_6)
FN:133,(anonymous_7)
FN:151,(anonymous_8)
FN:166,(anonymous_9)
FN:179,(anonymous_10)
FN:186,(anonymous_11)
FN:187,(anonymous_12)
FN:198,(anonymous_13)
FN:204,(anonymous_14)
FN:210,(anonymous_15)
FN:216,(anonymous_16)
FN:223,(anonymous_17)
FN:228,(anonymous_18)
FN:232,(anonymous_19)
FN:243,(anonymous_20)
FNF:21
FNH:21
FNDA:36,(anonymous_0)
FNDA:11,(anonymous_1)
FNDA:11,(anonymous_2)
FNDA:8,(anonymous_3)
FNDA:6,(anonymous_4)
FNDA:2,(anonymous_5)
FNDA:8,(anonymous_6)
FNDA:11,(anonymous_7)
FNDA:8,(anonymous_8)
FNDA:2,(anonymous_9)
FNDA:2,(anonymous_10)
FNDA:1,(anonymous_11)
FNDA:2,(anonymous_12)
FNDA:21,(anonymous_13)
FNDA:2,(anonymous_14)
FNDA:3,(anonymous_15)
FNDA:7,(anonymous_16)
FNDA:5,(anonymous_17)
FNDA:1,(anonymous_18)
FNDA:36,(anonymous_19)
FNDA:16,(anonymous_20)
DA:2,2
DA:5,2
DA:8,36
DA:11,2
DA:12,2
DA:13,2
DA:14,2
DA:20,11
DA:21,11
DA:22,11
DA:23,11
DA:29,11
DA:30,11
DA:37,11
DA:38,0
DA:43,11
DA:44,3
DA:50,8
DA:51,8
DA:52,2
DA:57,6
DA:67,8
DA:68,8
DA:69,8
DA:71,16
DA:72,16
DA:74,16
DA:75,16
DA:76,16
DA:77,16
DA:78,16
DA:79,16
DA:80,16
DA:81,6
DA:87,8
DA:90,0
DA:97,6
DA:98,1
DA:100,5
DA:101,5
DA:102,2
DA:105,3
DA:106,1
DA:107,1
DA:109,2
DA:116,2
DA:121,8
DA:122,8
DA:123,9
DA:124,2
DA:134,11
DA:135,11
DA:136,11
DA:144,11
DA:145,11
DA:152,8
DA:153,2
DA:155,6
DA:156,6
DA:157,6
DA:158,2
DA:160,4
DA:167,2
DA:168,2
DA:169,2
DA:170,1
DA:172,1
DA:173,1
DA:180,2
DA:181,2
DA:187,1
DA:188,2
DA:191,2
DA:199,21
DA:205,2
DA:211,3
DA:217,7
DA:218,7
DA:224,5
DA:229,1
DA:230,1
DA:235,36
DA:236,36
DA:237,36
DA:238,36
DA:242,36
DA:243,16
LF:87
LH:85
BRDA:22,0,0,11
BRDA:22,0,1,0
BRDA:37,1,0,0
BRDA:37,1,1,11
BRDA:43,2,0,3
BRDA:43,2,1,8
BRDA:43,3,0,11
BRDA:43,3,1,8
BRDA:51,4,0,2
BRDA:51,4,1,6
BRDA:67,5,0,8
BRDA:67,5,1,0
BRDA:80,6,0,6
BRDA:80,6,1,10
BRDA:97,7,0,1
BRDA:97,7,1,5
BRDA:101,8,0,2
BRDA:101,8,1,3
BRDA:105,9,0,1
BRDA:105,9,1,2
BRDA:123,10,0,2
BRDA:123,10,1,7
BRDA:152,11,0,2
BRDA:152,11,1,6
BRDA:152,12,0,8
BRDA:152,12,1,7
BRDA:157,13,0,2
BRDA:157,13,1,4
BRDA:169,14,0,1
BRDA:169,14,1,1
BRDA:211,15,0,3
BRDA:211,15,1,2
BRDA:211,15,2,1
BRDA:232,16,0,0
BRDA:242,17,0,8
BRDA:242,17,1,28
BRF:36
BRH:32
end_of_record
TN:
SF:src/lib/breakpoint-manager.ts
FN:7,(anonymous_0)
FN:16,(anonymous_1)
FN:25,(anonymous_2)
FN:45,(anonymous_3)
FN:63,(anonymous_4)
FN:80,(anonymous_5)
FN:87,(anonymous_6)
FN:93,(anonymous_7)
FN:100,(anonymous_8)
FN:101,(anonymous_9)
FN:107,(anonymous_10)
FN:114,(anonymous_11)
FN:126,(anonymous_12)
FN:138,(anonymous_13)
FN:151,(anonymous_14)
FN:161,(anonymous_15)
FN:166,(anonymous_16)
FN:173,(anonymous_17)
FN:180,(anonymous_18)
FN:192,(anonymous_19)
FN:202,(anonymous_20)
FN:211,(anonymous_21)
FN:240,(anonymous_22)
FN:248,(anonymous_23)
FNF:24
FNH:24
FNDA:552,(anonymous_0)
FNDA:1235,(anonymous_1)
FNDA:1229,(anonymous_2)
FNDA:3,(anonymous_3)
FNDA:3,(anonymous_4)
FNDA:21,(anonymous_5)
FNDA:1841,(anonymous_6)
FNDA:2217,(anonymous_7)
FNDA:746,(anonymous_8)
FNDA:1067,(anonymous_9)
FNDA:262,(anonymous_10)
FNDA:547,(anonymous_11)
FNDA:301,(anonymous_12)
FNDA:301,(anonymous_13)
FNDA:290,(anonymous_14)
FNDA:1042,(anonymous_15)
FNDA:105,(anonymous_16)
FNDA:520,(anonymous_17)
FNDA:37,(anonymous_18)
FNDA:2,(anonymous_19)
FNDA:2,(anonymous_20)
FNDA:34,(anonymous_21)
FNDA:10,(anonymous_22)
FNDA:552,(anonymous_23)
DA:2,16
DA:5,16
DA:8,552
DA:11,16
DA:12,16
DA:13,16
DA:17,1235
DA:26,1229
DA:27,1229
DA:36,1229
DA:37,1229
DA:46,3
DA:47,3
DA:56,3
DA:57,3
DA:64,3
DA:65,3
DA:74,3
DA:75,3
DA:81,21
DA:88,1841
DA:94,2217
DA:101,1067
DA:108,262
DA:115,547
DA:116,547
DA:117,2
DA:119,545
DA:120,545
DA:127,301
DA:128,301
DA:129,1
DA:131,300
DA:132,300
DA:139,301
DA:140,301
DA:141,1
DA:143,300
DA:144,300
DA:152,290
DA:153,290
DA:154,1
DA:156,289
DA:157,289
DA:162,1042
DA:167,105
DA:174,520
DA:181,37
DA:182,37
DA:183,1
DA:185,36
DA:186,36
DA:193,2
DA:194,2
DA:195,1
DA:197,1
DA:198,1
DA:203,2
DA:204,3
DA:212,34
DA:213,34
DA:214,3
DA:216,31
DA:217,31
DA:218,31
DA:220,5
DA:222,5
DA:224,4
DA:226,5
DA:228,4
DA:230,7
DA:232,1
DA:241,10
DA:242,10
DA:243,1
DA:245,9
DA:246,9
DA:249,552
LF:78
LH:78
BRDA:116,0,0,2
BRDA:116,0,1,545
BRDA:128,1,0,1
BRDA:128,1,1,300
BRDA:140,2,0,1
BRDA:140,2,1,300
BRDA:153,3,0,1
BRDA:153,3,1,289
BRDA:182,4,0,1
BRDA:182,4,1,36
BRDA:185,5,0,36
BRDA:185,5,1,12
BRDA:194,6,0,1
BRDA:194,6,1,1
BRDA:213,7,0,3
BRDA:213,7,1,31
BRDA:213,8,0,34
BRDA:213,8,1,33
BRDA:216,9,0,31
BRDA:216,9,1,7
BRDA:218,10,0,5
BRDA:218,10,1,5
BRDA:218,10,2,4
BRDA:218,10,3,5
BRDA:218,10,4,4
BRDA:218,10,5,7
BRDA:218,10,6,1
BRDA:242,11,0,1
BRDA:242,11,1,9
BRF:29
BRH:29
end_of_record
TN:
SF:src/lib/breakpoint-suggester.ts
FN:10,(anonymous_0)
FN:20,(anonymous_1)
FN:38,(anonymous_2)
FN:49,(anonymous_3)
FN:52,(anonymous_4)
FN:63,(anonymous_5)
FN:74,(anonymous_6)
FN:88,(anonymous_7)
FN:91,(anonymous_8)
FN:102,(anonymous_9)
FN:116,(anonymous_10)
FN:119,(anonymous_11)
FN:130,(anonymous_12)
FN:149,(anonymous_13)
FN:163,(anonymous_14)
FN:166,(anonymous_15)
FN:177,(anonymous_16)
FN:188,(anonymous_17)
FN:199,(anonymous_18)
FN:213,(anonymous_19)
FN:221,(anonymous_20)
FN:236,(anonymous_21)
FN:254,(anonymous_22)
FN:274,(anonymous_23)
FNF:24
FNH:24
FNDA:18,(anonymous_0)
FNDA:11,(anonymous_1)
FNDA:7,(anonymous_2)
FNDA:5,(anonymous_3)
FNDA:47,(anonymous_4)
FNDA:47,(anonymous_5)
FNDA:47,(anonymous_6)
FNDA:2,(anonymous_7)
FNDA:11,(anonymous_8)
FNDA:11,(anonymous_9)
FNDA:2,(anonymous_10)
FNDA:12,(anonymous_11)
FNDA:12,(anonymous_12)
FNDA:12,(anonymous_13)
FNDA:1,(anonymous_14)
FNDA:9,(anonymous_15)
FNDA:9,(anonymous_16)
FNDA:9,(anonymous_17)
FNDA:9,(anonymous_18)
FNDA:3,(anonymous_19)
FNDA:9,(anonymous_20)
FNDA:4,(anonymous_21)
FNDA:3,(anonymous_22)
FNDA:4,(anonymous_23)
DA:5,1
DA:8,1
DA:11,18
DA:14,1
DA:15,1
DA:16,1
DA:17,1
DA:21,11
DA:22,1
DA:24,10
DA:25,10
DA:26,10
DA:28,10
DA:29,5
DA:30,5
DA:31,2
DA:32,3
DA:33,2
DA:35,1
DA:38,10
DA:39,7
DA:44,7
DA:50,5
DA:52,5
DA:53,47
DA:54,3
DA:63,5
DA:64,47
DA:65,2
DA:74,5
DA:75,47
DA:76,3
DA:84,5
DA:89,2
DA:91,2
DA:92,11
DA:93,2
DA:102,2
DA:103,11
DA:104,0
DA:112,2
DA:117,2
DA:119,2
DA:120,12
DA:121,2
DA:130,2
DA:131,12
DA:133,1
DA:134,1
DA:136,1
DA:137,1
DA:138,1
DA:149,2
DA:150,12
DA:151,0
DA:159,2
DA:164,1
DA:166,1
DA:167,9
DA:168,2
DA:177,1
DA:178,9
DA:179,0
DA:188,1
DA:189,9
DA:190,0
DA:199,1
DA:200,9
DA:201,2
DA:209,1
DA:214,3
DA:215,1
DA:217,2
DA:218,2
DA:219,2
DA:221,2
DA:222,9
DA:223,9
DA:224,1
DA:225,1
DA:235,2
DA:236,1
DA:237,4
DA:238,4
DA:239,2
DA:240,2
DA:250,2
DA:255,3
DA:256,3
DA:258,4
DA:259,4
DA:260,3
DA:261,3
DA:262,3
DA:270,3
DA:275,4
DA:291,4
DA:292,4
DA:293,1
DA:295,3
LF:100
LH:96
BRDA:21,0,0,1
BRDA:21,0,1,10
BRDA:28,1,0,5
BRDA:28,1,1,5
BRDA:28,2,0,10
BRDA:28,2,1,5
BRDA:28,3,0,1
BRDA:28,3,1,9
BRDA:30,4,0,2
BRDA:30,4,1,3
BRDA:30,5,0,1
BRDA:30,5,1,4
BRDA:32,6,0,2
BRDA:32,6,1,1
BRDA:32,7,0,1
BRDA:32,7,1,2
BRDA:53,8,0,3
BRDA:53,8,1,44
BRDA:64,9,0,2
BRDA:64,9,1,45
BRDA:75,10,0,3
BRDA:75,10,1,44
BRDA:92,11,0,2
BRDA:92,11,1,9
BRDA:103,12,0,0
BRDA:103,12,1,11
BRDA:120,13,0,2
BRDA:120,13,1,10
BRDA:131,14,0,1
BRDA:131,14,1,11
BRDA:131,15,0,12
BRDA:131,15,1,11
BRDA:133,16,0,1
BRDA:133,16,1,0
BRDA:133,17,0,0
BRDA:133,17,1,1
BRDA:133,18,0,0
BRDA:133,18,1,0
BRDA:134,19,0,1
BRDA:134,19,1,0
BRDA:137,20,0,1
BRDA:137,20,1,0
BRDA:150,21,0,0
BRDA:150,21,1,12
BRDA:167,22,0,2
BRDA:167,22,1,7
BRDA:167,23,0,9
BRDA:167,23,1,8
BRDA:167,23,2,8
BRDA:178,24,0,0
BRDA:178,24,1,9
BRDA:189,25,0,0
BRDA:189,25,1,9
BRDA:200,26,0,2
BRDA:200,26,1,7
BRDA:214,27,0,1
BRDA:214,27,1,2
BRDA:223,28,0,1
BRDA:223,28,1,8
BRDA:235,29,0,1
BRDA:235,29,1,1
BRDA:238,30,0,2
BRDA:238,30,1,2
BRDA:259,31,0,3
BRDA:259,31,1,1
BRDA:292,32,0,1
BRDA:292,32,1,3
BRF:67
BRH:57
end_of_record
TN:
SF:src/lib/cdp-breakpoint-operations.ts
FN:7,(anonymous_0)
FN:17,(anonymous_1)
FN:63,(anonymous_2)
FN:89,(anonymous_3)
FN:94,(anonymous_4)
FN:113,(anonymous_5)
FN:129,(anonymous_6)
FN:143,(anonymous_7)
FN:162,(anonymous_8)
FN:167,(anonymous_9)
FN:170,(anonymous_10)
FN:174,(anonymous_11)
FNF:12
FNH:12
FNDA:539,(anonymous_0)
FNDA:307,(anonymous_1)
FNDA:9,(anonymous_2)
FNDA:8,(anonymous_3)
FNDA:7,(anonymous_4)
FNDA:4,(anonymous_5)
FNDA:289,(anonymous_6)
FNDA:6,(anonymous_7)
FNDA:7,(anonymous_8)
FNDA:1,(anonymous_9)
FNDA:539,(anonymous_10)
FNDA:38460,(anonymous_11)
DA:2,16
DA:5,16
DA:8,539
DA:11,16
DA:12,16
DA:19,307
DA:20,9
DA:23,298
DA:24,4
DA:26,294
DA:28,294
DA:34,288
DA:37,6
DA:38,6
DA:39,5
DA:40,5
DA:48,4
DA:50,1
DA:51,1
DA:54,1
DA:55,1
DA:64,9
DA:65,1
DA:66,1
DA:70,8
DA:71,8
DA:72,8
DA:78,7
DA:80,1
DA:81,1
DA:93,8
DA:94,8
DA:95,7
DA:96,7
DA:99,8
DA:101,2
DA:104,6
DA:105,6
DA:114,4
DA:115,1
DA:116,1
DA:122,3
DA:123,3
DA:130,289
DA:131,289
DA:134,288
DA:136,1
DA:137,1
DA:145,6
DA:146,6
DA:147,3
DA:150,3
DA:151,3
DA:152,3
DA:153,3
DA:154,2
DA:158,1
DA:163,7
DA:168,1
DA:171,539
DA:172,539
DA:174,539
DA:175,38460
DA:176,38454
LF:64
LH:64
BRDA:19,0,0,9
BRDA:19,0,1,298
BRDA:23,1,0,4
BRDA:23,1,1,294
BRDA:32,2,0,294
BRDA:32,2,1,292
BRDA:38,3,0,5
BRDA:38,3,1,1
BRDA:46,4,0,5
BRDA:46,4,1,5
BRDA:64,5,0,1
BRDA:64,5,1,8
BRDA:99,6,0,2
BRDA:99,6,1,6
BRDA:114,7,0,1
BRDA:114,7,1,3
BRDA:146,8,0,3
BRDA:146,8,1,3
BRDA:151,9,0,3
BRDA:151,9,1,0
BRDA:153,10,0,2
BRDA:153,10,1,1
BRDA:153,11,0,3
BRDA:153,11,1,1
BRDA:175,12,0,38454
BRDA:175,12,1,6
BRDA:175,13,0,38460
BRDA:175,13,1,38455
BRF:28
BRH:27
end_of_record
TN:
SF:src/lib/circuit-breaker.ts
FN:8,_export
FN:15,(anonymous_1)
FN:18,(anonymous_2)
FN:21,(anonymous_3)
FN:25,(anonymous_4)
FN:37,(anonymous_5)
FN:54,(anonymous_6)
FN:57,(anonymous_7)
FN:57,(anonymous_8)
FN:62,(anonymous_9)
FN:74,(anonymous_10)
FN:86,(anonymous_11)
FN:93,(anonymous_12)
FN:99,(anonymous_13)
FN:106,(anonymous_14)
FN:117,(anonymous_15)
FN:133,(anonymous_16)
FN:146,(anonymous_17)
FN:151,(anonymous_18)
FN:156,(anonymous_19)
FN:161,(anonymous_20)
FN:164,(anonymous_21)
FN:180,(anonymous_22)
FN:190,(anonymous_23)
FN:196,(anonymous_24)
FN:201,(anonymous_25)
FN:208,(anonymous_26)
FN:215,(anonymous_27)
FNF:28
FNH:27
FNDA:1,_export
FNDA:9,(anonymous_1)
FNDA:6,(anonymous_2)
FNDA:13,(anonymous_3)
FNDA:1,(anonymous_4)
FNDA:34,(anonymous_5)
FNDA:27,(anonymous_6)
FNDA:27,(anonymous_7)
FNDA:14,(anonymous_8)
FNDA:6,(anonymous_9)
FNDA:27,(anonymous_10)
FNDA:7,(anonymous_11)
FNDA:2,(anonymous_12)
FNDA:2,(anonymous_13)
FNDA:1,(anonymous_14)
FNDA:12,(anonymous_15)
FNDA:4,(anonymous_16)
FNDA:13,(anonymous_17)
FNDA:1,(anonymous_18)
FNDA:1,(anonymous_19)
FNDA:1,(anonymous_20)
FNDA:16,(anonymous_21)
FNDA:8,(anonymous_22)
FNDA:2,(anonymous_23)
FNDA:0,(anonymous_24)
FNDA:1,(anonymous_25)
FNDA:1,(anonymous_26)
FNDA:6,(anonymous_27)
DA:5,1
DA:9,3
DA:14,1
DA:16,9
DA:19,6
DA:22,13
DA:25,1
DA:26,1
DA:27,1
DA:28,1
DA:29,1
DA:31,1
DA:39,34
DA:40,1
DA:42,33
DA:44,33
DA:45,6
DA:46,6
DA:48,27
DA:49,27
DA:55,27
DA:57,27
DA:63,6
DA:64,6
DA:65,6
DA:66,6
DA:68,6
DA:69,1
DA:75,27
DA:76,27
DA:77,27
DA:78,27
DA:80,27
DA:81,7
DA:87,7
DA:88,0
DA:90,7
DA:91,7
DA:93,7
DA:94,2
DA:100,2
DA:101,2
DA:102,2
DA:107,1
DA:108,1
DA:109,1
DA:110,1
DA:111,1
DA:112,1
DA:118,12
DA:119,12
DA:120,12
DA:121,12
DA:122,12
DA:123,12
DA:124,12
DA:125,12
DA:126,6
DA:127,6
DA:129,12
DA:134,4
DA:147,13
DA:152,1
DA:157,1
DA:162,1
DA:165,16
DA:166,16
DA:167,16
DA:168,16
DA:169,16
DA:170,16
DA:171,16
DA:174,1
DA:181,8
DA:182,7
DA:184,8
DA:191,2
DA:197,0
DA:202,1
DA:203,2
DA:209,1
DA:210,1
DA:211,2
DA:213,1
DA:216,6
LF:85
LH:83
BRDA:39,0,0,1
BRDA:39,0,1,33
BRDA:44,1,0,27
BRDA:44,1,1,6
BRDA:68,2,0,1
BRDA:68,2,1,5
BRDA:68,3,0,6
BRDA:68,3,1,2
BRDA:80,4,0,7
BRDA:80,4,1,20
BRDA:87,5,0,0
BRDA:87,5,1,7
BRDA:110,6,0,1
BRDA:110,6,1,0
BRDA:125,7,0,6
BRDA:125,7,1,6
BRDA:181,8,0,7
BRDA:181,8,1,1
BRF:18
BRH:16
end_of_record
TN:
SF:src/lib/cpu-profiler.ts
FN:7,(anonymous_0)
FN:15,(anonymous_1)
FN:29,(anonymous_2)
FN:44,(anonymous_3)
FN:49,(anonymous_4)
FN:56,(anonymous_5)
FN:77,(anonymous_6)
FN:124,(anonymous_7)
FN:133,(anonymous_8)
FN:180,(anonymous_9)
FN:181,(anonymous_10)
FN:190,(anonymous_11)
FN:190,(anonymous_12)
FN:207,(anonymous_13)
FN:225,(anonymous_14)
FNF:15
FNH:15
FNDA:537,(anonymous_0)
FNDA:11,(anonymous_1)
FNDA:8,(anonymous_2)
FNDA:9,(anonymous_3)
FNDA:3,(anonymous_4)
FNDA:7,(anonymous_5)
FNDA:11,(anonymous_6)
FNDA:1,(anonymous_7)
FNDA:10,(anonymous_8)
FNDA:76,(anonymous_9)
FNDA:47,(anonymous_10)
FNDA:47,(anonymous_11)
FNDA:10,(anonymous_12)
FNDA:3,(anonymous_13)
FNDA:537,(anonymous_14)
DA:2,17
DA:5,17
DA:8,537
DA:11,17
DA:16,11
DA:17,1
DA:20,10
DA:22,10
DA:23,10
DA:24,10
DA:30,8
DA:31,1
DA:34,7
DA:35,7
DA:37,7
DA:39,7
DA:40,7
DA:45,9
DA:50,3
DA:57,7
DA:58,7
DA:59,10
DA:62,7
DA:68,7
DA:69,7
DA:70,1
DA:71,3
DA:72,3
DA:73,3
DA:77,7
DA:78,11
DA:79,11
DA:80,10
DA:81,10
DA:89,10
DA:90,3
DA:91,3
DA:92,3
DA:93,1
DA:97,10
DA:100,7
DA:101,7
DA:102,10
DA:103,3
DA:104,3
DA:108,7
DA:109,10
DA:110,8
DA:111,8
DA:112,8
DA:113,8
DA:117,7
DA:127,1
DA:134,10
DA:136,10
DA:138,10
DA:139,10
DA:140,117
DA:143,10
DA:144,4
DA:145,774
DA:146,774
DA:147,774
DA:148,773
DA:149,773
DA:150,773
DA:151,773
DA:152,752
DA:153,752
DA:155,21
DA:164,6
DA:165,37
DA:166,37
DA:167,37
DA:168,1
DA:169,1
DA:171,36
DA:180,76
DA:181,47
DA:190,47
DA:197,10
DA:208,3
DA:209,3
DA:210,3
DA:211,3
DA:212,1
DA:213,1
DA:214,1
DA:215,1
DA:217,1
DA:219,3
DA:220,3
DA:221,13
DA:223,3
DA:226,537
DA:227,537
DA:228,537
LF:97
LH:97
BRDA:16,0,0,1
BRDA:16,0,1,10
BRDA:30,1,0,1
BRDA:30,1,1,7
BRDA:69,2,0,1
BRDA:69,2,1,6
BRDA:69,3,0,7
BRDA:69,3,1,1
BRDA:72,4,0,3
BRDA:72,4,1,0
BRDA:73,5,0,3
BRDA:73,5,1,2
BRDA:79,6,0,1
BRDA:79,6,1,10
BRDA:80,7,0,10
BRDA:80,7,1,8
BRDA:80,7,2,1
BRDA:82,8,0,10
BRDA:82,8,1,1
BRDA:89,9,0,3
BRDA:89,9,1,7
BRDA:92,10,0,1
BRDA:92,10,1,2
BRDA:92,11,0,3
BRDA:92,11,1,2
BRDA:102,12,0,3
BRDA:102,12,1,7
BRDA:109,13,0,8
BRDA:109,13,1,2
BRDA:111,14,0,8
BRDA:111,14,1,0
BRDA:111,15,0,8
BRDA:111,15,1,8
BRDA:143,16,0,4
BRDA:143,16,1,6
BRDA:143,17,0,10
BRDA:143,17,1,4
BRDA:147,18,0,1
BRDA:147,18,1,773
BRDA:148,19,0,773
BRDA:148,19,1,0
BRDA:151,20,0,752
BRDA:151,20,1,21
BRDA:167,21,0,1
BRDA:167,21,1,36
BRDA:182,22,0,47
BRDA:182,22,1,3
BRDA:187,23,0,46
BRDA:187,23,1,1
BRDA:211,24,0,1
BRDA:211,24,1,2
BRF:51
BRH:48
end_of_record
TN:
SF:src/lib/data-masker.ts
FN:9,(anonymous_0)
FN:18,(anonymous_1)
FN:78,(anonymous_2)
FN:95,(anonymous_3)
FN:110,(anonymous_4)
FN:122,(anonymous_5)
FN:130,(anonymous_6)
FN:146,(anonymous_7)
FN:153,(anonymous_8)
FN:154,(anonymous_9)
FN:165,(anonymous_10)
FN:166,(anonymous_11)
FN:177,(anonymous_12)
FN:178,(anonymous_13)
FN:188,(anonymous_14)
FN:197,(anonymous_15)
FN:198,(anonymous_16)
FN:203,(anonymous_17)
FN:208,(anonymous_18)
FN:213,(anonymous_19)
FN:218,(anonymous_20)
FN:219,(anonymous_21)
FN:224,(anonymous_22)
FN:227,(anonymous_23)
FNF:24
FNH:24
FNDA:46,(anonymous_0)
FNDA:46,(anonymous_1)
FNDA:107,(anonymous_2)
FNDA:8,(anonymous_3)
FNDA:17,(anonymous_4)
FNDA:69,(anonymous_5)
FNDA:6,(anonymous_6)
FNDA:5,(anonymous_7)
FNDA:2,(anonymous_8)
FNDA:13,(anonymous_9)
FNDA:2,(anonymous_10)
FNDA:11,(anonymous_11)
FNDA:3,(anonymous_12)
FNDA:16,(anonymous_13)
FNDA:3,(anonymous_14)
FNDA:1,(anonymous_15)
FNDA:6,(anonymous_16)
FNDA:3,(anonymous_17)
FNDA:1,(anonymous_18)
FNDA:1,(anonymous_19)
FNDA:1,(anonymous_20)
FNDA:8,(anonymous_21)
FNDA:1,(anonymous_22)
FNDA:46,(anonymous_23)
DA:4,2
DA:7,2
DA:10,46
DA:13,2
DA:14,2
DA:19,46
DA:21,46
DA:22,45
DA:29,46
DA:30,45
DA:37,46
DA:38,45
DA:45,46
DA:46,44
DA:53,46
DA:54,44
DA:61,46
DA:62,45
DA:70,46
DA:71,1
DA:79,107
DA:80,3
DA:82,104
DA:83,104
DA:84,620
DA:85,617
DA:88,104
DA:96,8
DA:97,1
DA:99,7
DA:100,0
DA:102,7
DA:111,17
DA:112,0
DA:114,17
DA:123,69
DA:124,2
DA:126,67
DA:127,31
DA:129,36
DA:130,6
DA:132,33
DA:133,27
DA:134,27
DA:136,46
DA:137,46
DA:139,27
DA:141,6
DA:147,5
DA:154,13
DA:155,2
DA:156,1
DA:157,1
DA:159,1
DA:166,11
DA:167,2
DA:168,1
DA:169,1
DA:171,1
DA:178,16
DA:179,3
DA:180,2
DA:181,2
DA:183,1
DA:189,3
DA:198,6
DA:204,3
DA:209,1
DA:214,1
DA:219,8
DA:225,1
DA:230,46
DA:231,46
DA:239,46
DA:243,2
DA:244,2
DA:245,2
DA:246,2
DA:247,2
DA:248,2
LF:80
LH:78
BRDA:21,0,0,45
BRDA:21,0,1,1
BRDA:29,1,0,45
BRDA:29,1,1,1
BRDA:37,2,0,45
BRDA:37,2,1,1
BRDA:45,3,0,44
BRDA:45,3,1,2
BRDA:53,4,0,44
BRDA:53,4,1,2
BRDA:61,5,0,45
BRDA:61,5,1,1
BRDA:70,6,0,1
BRDA:70,6,1,45
BRDA:79,7,0,3
BRDA:79,7,1,104
BRDA:84,8,0,617
BRDA:84,8,1,3
BRDA:95,9,0,8
BRDA:96,10,0,1
BRDA:96,10,1,7
BRDA:99,11,0,0
BRDA:99,11,1,7
BRDA:110,12,0,8
BRDA:111,13,0,0
BRDA:111,13,1,17
BRDA:123,14,0,2
BRDA:123,14,1,67
BRDA:126,15,0,31
BRDA:126,15,1,36
BRDA:129,16,0,3
BRDA:129,16,1,33
BRDA:132,17,0,27
BRDA:132,17,1,6
BRDA:132,18,0,33
BRDA:132,18,1,32
BRDA:155,19,0,1
BRDA:155,19,1,1
BRDA:167,20,0,1
BRDA:167,20,1,1
BRDA:179,21,0,2
BRDA:179,21,1,1
BRDA:219,22,0,8
BRDA:219,22,1,7
BRDA:219,22,2,6
BRDA:219,22,3,5
BRDA:219,22,4,4
BRDA:219,22,5,3
BRDA:227,23,0,0
BRF:49
BRH:46
end_of_record
TN:
SF:src/lib/debug-presets.ts
FN:8,_export
FN:15,(anonymous_1)
FN:18,(anonymous_2)
FN:126,(anonymous_3)
FN:131,(anonymous_4)
FN:141,(anonymous_5)
FN:149,(anonymous_6)
FN:155,(anonymous_7)
FN:174,(anonymous_8)
FN:183,(anonymous_9)
FN:198,(anonymous_10)
FN:210,(anonymous_11)
FN:231,(anonymous_12)
FN:234,(anonymous_13)
FNF:14
FNH:14
FNDA:1,_export
FNDA:8,(anonymous_1)
FNDA:42,(anonymous_2)
FNDA:32,(anonymous_3)
FNDA:2,(anonymous_4)
FNDA:23,(anonymous_5)
FNDA:3,(anonymous_6)
FNDA:22,(anonymous_7)
FNDA:3,(anonymous_8)
FNDA:11,(anonymous_9)
FNDA:4,(anonymous_10)
FNDA:7,(anonymous_11)
FNDA:2,(anonymous_12)
FNDA:42,(anonymous_13)
DA:5,1
DA:9,2
DA:14,1
DA:16,8
DA:19,42
DA:22,1
DA:23,1
DA:123,1
DA:127,32
DA:132,2
DA:133,2
DA:134,2
DA:142,23
DA:143,1
DA:145,22
DA:150,3
DA:156,22
DA:157,22
DA:158,3
DA:161,19
DA:162,11
DA:165,8
DA:166,8
DA:167,1
DA:170,7
DA:175,3
DA:176,3
DA:177,1
DA:179,2
DA:184,11
DA:199,4
DA:200,4
DA:201,1
DA:203,3
DA:204,1
DA:206,2
DA:211,7
DA:212,7
DA:213,2
DA:215,7
DA:216,2
DA:218,7
DA:219,3
DA:221,7
DA:222,1
DA:224,7
DA:232,2
DA:235,42
LF:48
LH:48
BRDA:127,0,0,32
BRDA:127,0,1,15
BRDA:142,1,0,1
BRDA:142,1,1,22
BRDA:157,2,0,3
BRDA:157,2,1,19
BRDA:161,3,0,11
BRDA:161,3,1,8
BRDA:166,4,0,1
BRDA:166,4,1,7
BRDA:176,5,0,1
BRDA:176,5,1,2
BRDA:185,6,0,11
BRDA:185,6,1,4
BRDA:186,7,0,11
BRDA:186,7,1,4
BRDA:187,8,0,11
BRDA:187,8,1,4
BRDA:188,9,0,11
BRDA:188,9,1,6
BRDA:189,10,0,11
BRDA:189,10,1,11
BRDA:191,11,0,1
BRDA:191,11,1,10
BRDA:192,12,0,11
BRDA:192,12,1,10
BRDA:200,13,0,1
BRDA:200,13,1,3
BRDA:203,14,0,1
BRDA:203,14,1,2
BRDA:212,15,0,2
BRDA:212,15,1,5
BRDA:212,16,0,7
BRDA:212,16,1,5
BRDA:215,17,0,2
BRDA:215,17,1,5
BRDA:215,18,0,7
BRDA:215,18,1,5
BRDA:218,19,0,3
BRDA:218,19,1,4
BRDA:218,20,0,7
BRDA:218,20,1,3
BRDA:221,21,0,1
BRDA:221,21,1,6
BRDA:221,22,0,7
BRDA:221,22,1,1
BRF:46
BRH:46
end_of_record
TN:
SF:src/lib/debug-session.ts
FN:5,_export
FN:12,(anonymous_1)
FN:15,(anonymous_2)
FN:18,(anonymous_3)
FN:21,(anonymous_4)
FN:37,(anonymous_5)
FN:44,(anonymous_6)
FN:53,(anonymous_7)
FN:63,(anonymous_8)
FN:80,(anonymous_9)
FN:89,(anonymous_10)
FN:116,(anonymous_11)
FN:130,(anonymous_12)
FN:136,(anonymous_13)
FN:140,(anonymous_14)
FN:148,(anonymous_15)
FN:149,(anonymous_16)
FN:154,(anonymous_17)
FN:169,(anonymous_18)
FN:180,(anonymous_19)
FN:181,(anonymous_20)
FN:188,(anonymous_21)
FN:197,(anonymous_22)
FN:210,(anonymous_23)
FN:223,(anonymous_24)
FN:236,(anonymous_25)
FN:248,(anonymous_26)
FN:282,(anonymous_27)
FN:287,(anonymous_28)
FN:292,(anonymous_29)
FN:300,(anonymous_30)
FN:342,(anonymous_31)
FN:380,(anonymous_32)
FN:400,(anonymous_33)
FN:405,(anonymous_34)
FN:415,(anonymous_35)
FN:438,(anonymous_36)
FN:455,(anonymous_37)
FN:462,(anonymous_38)
FN:467,(anonymous_39)
FN:472,(anonymous_40)
FN:478,(anonymous_41)
FN:492,(anonymous_42)
FN:511,(anonymous_43)
FN:518,(anonymous_44)
FN:523,(anonymous_45)
FN:528,(anonymous_46)
FN:533,(anonymous_47)
FN:538,(anonymous_48)
FN:543,(anonymous_49)
FN:551,(anonymous_50)
FN:570,(anonymous_51)
FN:584,(anonymous_52)
FN:595,(anonymous_53)
FN:603,(anonymous_54)
FN:651,(anonymous_55)
FN:658,(anonymous_56)
FN:683,(anonymous_57)
FN:705,(anonymous_58)
FN:710,(anonymous_59)
FN:718,(anonymous_60)
FN:732,(anonymous_61)
FN:737,(anonymous_62)
FN:749,(anonymous_63)
FN:755,(anonymous_64)
FN:765,(anonymous_65)
FN:776,(anonymous_66)
FN:797,(anonymous_67)
FN:802,(anonymous_68)
FN:811,(anonymous_69)
FN:823,(anonymous_70)
FN:832,(anonymous_71)
FN:839,(anonymous_72)
FN:846,(anonymous_73)
FN:852,(anonymous_74)
FN:861,(anonymous_75)
FN:869,(anonymous_76)
FN:875,(anonymous_77)
FN:882,(anonymous_78)
FN:891,(anonymous_79)
FN:900,(anonymous_80)
FN:909,(anonymous_81)
FN:918,(anonymous_82)
FN:929,(anonymous_83)
FN:939,(anonymous_84)
FN:947,(anonymous_85)
FN:952,(anonymous_86)
FN:961,(anonymous_87)
FN:969,(anonymous_88)
FN:979,(anonymous_89)
FN:987,(anonymous_90)
FN:990,(anonymous_91)
FNF:92
FNH:87
FNDA:16,_export
FNDA:1861,(anonymous_1)
FNDA:517,(anonymous_2)
FNDA:2,(anonymous_3)
FNDA:273,(anonymous_4)
FNDA:16,(anonymous_5)
FNDA:16,(anonymous_6)
FNDA:16,(anonymous_7)
FNDA:515,(anonymous_8)
FNDA:512,(anonymous_9)
FNDA:358,(anonymous_10)
FNDA:665,(anonymous_11)
FNDA:183,(anonymous_12)
FNDA:478,(anonymous_13)
FNDA:0,(anonymous_14)
FNDA:510,(anonymous_15)
FNDA:2,(anonymous_16)
FNDA:508,(anonymous_17)
FNDA:9,(anonymous_18)
FNDA:4,(anonymous_19)
FNDA:3,(anonymous_20)
FNDA:1,(anonymous_21)
FNDA:157,(anonymous_22)
FNDA:17,(anonymous_23)
FNDA:20,(anonymous_24)
FNDA:10,(anonymous_25)
FNDA:540,(anonymous_26)
FNDA:263,(anonymous_27)
FNDA:141,(anonymous_28)
FNDA:38,(anonymous_29)
FNDA:286,(anonymous_30)
FNDA:2,(anonymous_31)
FNDA:2,(anonymous_32)
FNDA:1,(anonymous_33)
FNDA:1,(anonymous_34)
FNDA:6,(anonymous_35)
FNDA:2,(anonymous_36)
FNDA:1,(anonymous_37)
FNDA:2,(anonymous_38)
FNDA:2,(anonymous_39)
FNDA:136,(anonymous_40)
FNDA:62,(anonymous_41)
FNDA:3,(anonymous_42)
FNDA:20,(anonymous_43)
FNDA:26,(anonymous_44)
FNDA:2,(anonymous_45)
FNDA:31,(anonymous_46)
FNDA:1,(anonymous_47)
FNDA:14,(anonymous_48)
FNDA:2,(anonymous_49)
FNDA:7,(anonymous_50)
FNDA:2,(anonymous_51)
FNDA:2,(anonymous_52)
FNDA:2,(anonymous_53)
FNDA:108,(anonymous_54)
FNDA:1,(anonymous_55)
FNDA:9,(anonymous_56)
FNDA:1,(anonymous_57)
FNDA:2,(anonymous_58)
FNDA:1,(anonymous_59)
FNDA:7,(anonymous_60)
FNDA:4,(anonymous_61)
FNDA:2,(anonymous_62)
FNDA:1,(anonymous_63)
FNDA:1,(anonymous_64)
FNDA:1,(anonymous_65)
FNDA:478,(anonymous_66)
FNDA:0,(anonymous_67)
FNDA:0,(anonymous_68)
FNDA:0,(anonymous_69)
FNDA:0,(anonymous_70)
FNDA:333,(anonymous_71)
FNDA:2,(anonymous_72)
FNDA:3,(anonymous_73)
FNDA:5,(anonymous_74)
FNDA:5,(anonymous_75)
FNDA:5,(anonymous_76)
FNDA:2,(anonymous_77)
FNDA:3,(anonymous_78)
FNDA:4,(anonymous_79)
FNDA:3,(anonymous_80)
FNDA:2,(anonymous_81)
FNDA:2,(anonymous_82)
FNDA:2,(anonymous_83)
FNDA:3,(anonymous_84)
FNDA:2,(anonymous_85)
FNDA:4,(anonymous_86)
FNDA:4,(anonymous_87)
FNDA:5,(anonymous_88)
FNDA:2,(anonymous_89)
FNDA:2,(anonymous_90)
FNDA:516,(anonymous_91)
DA:2,16
DA:6,64
DA:11,16
DA:13,1861
DA:16,517
DA:19,2
DA:22,273
DA:25,16
DA:26,16
DA:27,16
DA:28,16
DA:29,16
DA:30,16
DA:31,16
DA:32,16
DA:33,16
DA:34,16
DA:35,16
DA:36,16
DA:37,16
DA:38,16
DA:39,16
DA:40,16
DA:41,16
DA:42,16
DA:44,16
DA:45,16
DA:46,16
DA:47,16
DA:48,16
DA:49,16
DA:50,16
DA:51,16
DA:53,16
DA:54,16
DA:55,16
DA:56,16
DA:57,16
DA:58,16
DA:60,16
DA:64,515
DA:65,0
DA:69,515
DA:76,515
DA:77,513
DA:79,513
DA:80,512
DA:81,512
DA:82,512
DA:83,1
DA:88,514
DA:89,358
DA:90,358
DA:91,1
DA:94,513
DA:96,513
DA:97,510
DA:99,510
DA:100,510
DA:102,510
DA:104,510
DA:105,510
DA:107,510
DA:109,510
DA:111,510
DA:113,510
DA:114,510
DA:116,510
DA:117,665
DA:118,665
DA:119,665
DA:121,665
DA:122,1
DA:123,1
DA:124,1
DA:130,510
DA:131,183
DA:132,183
DA:133,183
DA:136,510
DA:137,478
DA:140,510
DA:141,0
DA:145,510
DA:148,510
DA:149,510
DA:151,2
DA:152,2
DA:154,510
DA:155,508
DA:156,508
DA:157,508
DA:161,3
DA:162,3
DA:163,3
DA:170,9
DA:171,2
DA:173,7
DA:174,3
DA:177,4
DA:180,4
DA:181,4
DA:183,3
DA:184,2
DA:186,3
DA:188,4
DA:189,1
DA:190,1
DA:192,4
DA:198,157
DA:199,3
DA:201,154
DA:202,3
DA:204,151
DA:205,151
DA:211,17
DA:212,2
DA:214,15
DA:215,2
DA:217,13
DA:224,20
DA:225,2
DA:227,18
DA:228,2
DA:230,16
DA:237,10
DA:238,2
DA:240,8
DA:241,2
DA:243,6
DA:250,540
DA:251,490
DA:252,247
DA:253,225
DA:254,225
DA:262,540
DA:263,501
DA:264,501
DA:267,540
DA:268,502
DA:270,540
DA:271,540
DA:272,540
DA:273,540
DA:274,540
DA:275,540
DA:276,540
DA:278,540
DA:283,263
DA:288,141
DA:293,38
DA:301,286
DA:302,1
DA:305,285
DA:306,285
DA:307,285
DA:308,0
DA:313,0
DA:314,0
DA:315,0
DA:320,285
DA:322,285
DA:324,285
DA:328,285
DA:329,285
DA:330,285
DA:333,285
DA:343,2
DA:344,1
DA:347,1
DA:348,1
DA:349,1
DA:350,0
DA:355,0
DA:356,0
DA:357,0
DA:361,1
DA:363,1
DA:364,1
DA:368,1
DA:369,1
DA:370,1
DA:373,1
DA:381,2
DA:382,1
DA:385,1
DA:387,1
DA:388,1
DA:389,1
DA:390,0
DA:393,1
DA:401,1
DA:406,1
DA:416,6
DA:417,1
DA:419,5
DA:420,5
DA:427,5
DA:429,5
DA:432,5
DA:439,2
DA:440,2
DA:441,1
DA:443,1
DA:445,1
DA:446,1
DA:450,1
DA:456,1
DA:463,2
DA:468,2
DA:473,136
DA:479,62
DA:480,62
DA:481,1
DA:484,61
DA:485,61
DA:488,61
DA:493,3
DA:494,3
DA:495,1
DA:498,2
DA:499,1
DA:500,1
DA:501,1
DA:503,1
DA:504,1
DA:505,1
DA:507,2
DA:514,20
DA:519,26
DA:524,2
DA:529,31
DA:534,1
DA:539,14
DA:544,2
DA:553,7
DA:554,1
DA:556,6
DA:557,1
DA:560,5
DA:561,5
DA:562,1
DA:564,4
DA:571,2
DA:572,1
DA:574,1
DA:575,0
DA:577,1
DA:585,2
DA:586,1
DA:588,1
DA:589,0
DA:591,1
DA:596,2
DA:604,108
DA:605,1
DA:607,107
DA:608,1
DA:610,106
DA:611,106
DA:614,1062
DA:616,1062
DA:617,0
DA:621,1062
DA:622,1062
DA:624,1062
DA:625,1062
DA:627,1062
DA:632,1062
DA:633,0
DA:634,0
DA:635,0
DA:637,1062
DA:645,106
DA:652,1
DA:653,0
DA:655,1
DA:656,0
DA:658,1
DA:661,9
DA:663,9
DA:664,0
DA:668,9
DA:669,9
DA:671,9
DA:684,1
DA:685,1
DA:686,1
DA:687,1
DA:688,1
DA:689,1
DA:690,0
DA:695,1
DA:700,1
DA:706,2
DA:711,1
DA:719,7
DA:720,1
DA:722,6
DA:723,0
DA:725,6
DA:726,4
DA:728,2
DA:733,4
DA:739,2
DA:740,1
DA:742,1
DA:743,0
DA:745,1
DA:750,1
DA:756,1
DA:766,1
DA:777,478
DA:779,478
DA:780,464
DA:782,14
DA:785,14
DA:786,10
DA:787,10
DA:789,10
DA:790,13
DA:791,13
DA:797,10
DA:802,4
DA:812,0
DA:813,0
DA:815,0
DA:816,0
DA:817,0
DA:823,0
DA:833,333
DA:840,2
DA:847,3
DA:853,5
DA:854,1
DA:856,4
DA:862,5
DA:863,1
DA:865,4
DA:871,5
DA:876,2
DA:883,3
DA:884,1
DA:886,2
DA:892,4
DA:893,1
DA:895,3
DA:901,3
DA:902,1
DA:904,2
DA:910,2
DA:911,1
DA:913,1
DA:919,2
DA:920,1
DA:922,1
DA:930,2
DA:931,1
DA:933,1
DA:940,3
DA:941,1
DA:943,2
DA:948,2
DA:953,4
DA:954,1
DA:956,3
DA:962,4
DA:963,1
DA:965,3
DA:971,5
DA:980,2
DA:981,1
DA:983,1
DA:988,2
DA:991,516
DA:992,516
DA:993,516
DA:994,516
DA:995,516
DA:996,516
DA:997,516
DA:998,516
DA:999,516
DA:1000,516
DA:1001,516
DA:1002,516
DA:1003,516
DA:1004,516
DA:1005,516
DA:1006,516
DA:1007,516
DA:1008,516
LF:392
LH:363
BRDA:64,0,0,0
BRDA:64,0,1,515
BRDA:76,1,0,513
BRDA:76,1,1,2
BRDA:76,2,0,515
BRDA:76,2,1,515
BRDA:76,2,2,514
BRDA:79,3,0,512
BRDA:79,3,1,1
BRDA:79,4,0,513
BRDA:79,4,1,512
BRDA:81,5,0,512
BRDA:81,5,1,0
BRDA:81,6,0,0
BRDA:81,6,1,0
BRDA:82,7,0,1
BRDA:82,7,1,511
BRDA:88,8,0,358
BRDA:88,8,1,156
BRDA:90,9,0,1
BRDA:90,9,1,357
BRDA:96,10,0,513
BRDA:96,10,1,0
BRDA:118,11,0,665
BRDA:118,11,1,0
BRDA:118,12,0,0
BRDA:118,12,1,665
BRDA:121,13,0,1
BRDA:121,13,1,664
BRDA:170,14,0,2
BRDA:170,14,1,7
BRDA:173,15,0,3
BRDA:173,15,1,4
BRDA:183,16,0,2
BRDA:183,16,1,1
BRDA:198,17,0,3
BRDA:198,17,1,154
BRDA:201,18,0,3
BRDA:201,18,1,151
BRDA:211,19,0,2
BRDA:211,19,1,15
BRDA:214,20,0,2
BRDA:214,20,1,13
BRDA:224,21,0,2
BRDA:224,21,1,18
BRDA:227,22,0,2
BRDA:227,22,1,16
BRDA:237,23,0,2
BRDA:237,23,1,8
BRDA:240,24,0,2
BRDA:240,24,1,6
BRDA:250,25,0,490
BRDA:250,25,1,50
BRDA:250,26,0,540
BRDA:250,26,1,508
BRDA:250,26,2,501
BRDA:252,27,0,225
BRDA:252,27,1,22
BRDA:262,28,0,501
BRDA:262,28,1,39
BRDA:267,29,0,502
BRDA:267,29,1,38
BRDA:267,30,0,540
BRDA:267,30,1,509
BRDA:301,31,0,1
BRDA:301,31,1,285
BRDA:307,32,0,0
BRDA:307,32,1,285
BRDA:307,33,0,285
BRDA:307,33,1,285
BRDA:313,34,0,0
BRDA:313,34,1,0
BRDA:322,35,0,285
BRDA:322,35,1,0
BRDA:329,36,0,285
BRDA:329,36,1,0
BRDA:343,37,0,1
BRDA:343,37,1,1
BRDA:349,38,0,0
BRDA:349,38,1,1
BRDA:349,39,0,1
BRDA:349,39,1,1
BRDA:355,40,0,0
BRDA:355,40,1,0
BRDA:363,41,0,1
BRDA:363,41,1,0
BRDA:369,42,0,1
BRDA:369,42,1,0
BRDA:381,43,0,1
BRDA:381,43,1,1
BRDA:387,44,0,1
BRDA:387,44,1,0
BRDA:389,45,0,0
BRDA:389,45,1,1
BRDA:416,46,0,1
BRDA:416,46,1,5
BRDA:430,47,0,4
BRDA:430,47,1,1
BRDA:430,48,0,2
BRDA:430,48,1,2
BRDA:430,49,0,1
BRDA:430,49,1,0
BRDA:440,50,0,1
BRDA:440,50,1,1
BRDA:445,51,0,1
BRDA:445,51,1,0
BRDA:445,52,0,1
BRDA:445,52,1,1
BRDA:480,53,0,1
BRDA:480,53,1,61
BRDA:484,54,0,61
BRDA:484,54,1,0
BRDA:484,55,0,61
BRDA:484,55,1,61
BRDA:494,56,0,1
BRDA:494,56,1,2
BRDA:494,57,0,3
BRDA:494,57,1,2
BRDA:498,58,0,1
BRDA:498,58,1,1
BRDA:498,59,0,2
BRDA:498,59,1,1
BRDA:500,60,0,1
BRDA:500,60,1,0
BRDA:503,61,0,1
BRDA:503,61,1,0
BRDA:503,62,0,1
BRDA:503,62,1,1
BRDA:553,63,0,1
BRDA:553,63,1,6
BRDA:556,64,0,1
BRDA:556,64,1,5
BRDA:560,65,0,5
BRDA:560,65,1,5
BRDA:560,66,0,1
BRDA:560,66,1,4
BRDA:561,67,0,1
BRDA:561,67,1,4
BRDA:571,68,0,1
BRDA:571,68,1,1
BRDA:574,69,0,0
BRDA:574,69,1,1
BRDA:584,70,0,1
BRDA:585,71,0,1
BRDA:585,71,1,1
BRDA:588,72,0,0
BRDA:588,72,1,1
BRDA:604,73,0,1
BRDA:604,73,1,107
BRDA:607,74,0,1
BRDA:607,74,1,106
BRDA:607,75,0,107
BRDA:607,75,1,107
BRDA:614,76,0,1062
BRDA:614,76,1,1062
BRDA:616,77,0,0
BRDA:616,77,1,1062
BRDA:621,78,0,1062
BRDA:621,78,1,0
BRDA:622,79,0,1062
BRDA:622,79,1,1053
BRDA:632,80,0,0
BRDA:632,80,1,1062
BRDA:638,81,0,1062
BRDA:638,81,1,636
BRDA:652,82,0,0
BRDA:652,82,1,1
BRDA:655,83,0,0
BRDA:655,83,1,1
BRDA:655,84,0,1
BRDA:655,84,1,1
BRDA:661,85,0,9
BRDA:661,85,1,9
BRDA:663,86,0,0
BRDA:663,86,1,9
BRDA:668,87,0,9
BRDA:668,87,1,0
BRDA:669,88,0,9
BRDA:669,88,1,0
BRDA:672,89,0,9
BRDA:672,89,1,6
BRDA:689,90,0,0
BRDA:689,90,1,1
BRDA:689,91,0,1
BRDA:689,91,1,0
BRDA:719,92,0,1
BRDA:719,92,1,6
BRDA:722,93,0,0
BRDA:722,93,1,6
BRDA:722,94,0,6
BRDA:722,94,1,6
BRDA:725,95,0,4
BRDA:725,95,1,2
BRDA:725,96,0,6
BRDA:725,96,1,5
BRDA:739,97,0,1
BRDA:739,97,1,1
BRDA:739,98,0,2
BRDA:739,98,1,2
BRDA:742,99,0,0
BRDA:742,99,1,1
BRDA:745,100,0,0
BRDA:745,100,1,1
BRDA:755,101,0,0
BRDA:765,102,0,0
BRDA:779,103,0,464
BRDA:779,103,1,14
BRDA:785,104,0,10
BRDA:785,104,1,4
BRDA:785,105,0,14
BRDA:785,105,1,4
BRDA:786,106,0,10
BRDA:786,106,1,0
BRDA:853,107,0,1
BRDA:853,107,1,4
BRDA:862,108,0,1
BRDA:862,108,1,4
BRDA:871,109,0,5
BRDA:871,109,1,3
BRDA:871,110,0,1
BRDA:871,110,1,4
BRDA:883,111,0,1
BRDA:883,111,1,2
BRDA:892,112,0,1
BRDA:892,112,1,3
BRDA:901,113,0,1
BRDA:901,113,1,2
BRDA:910,114,0,1
BRDA:910,114,1,1
BRDA:919,115,0,1
BRDA:919,115,1,1
BRDA:930,116,0,1
BRDA:930,116,1,1
BRDA:940,117,0,1
BRDA:940,117,1,2
BRDA:953,118,0,1
BRDA:953,118,1,3
BRDA:962,119,0,1
BRDA:962,119,1,3
BRDA:971,120,0,5
BRDA:971,120,1,3
BRDA:971,121,0,1
BRDA:971,121,1,4
BRDA:980,122,0,1
BRDA:980,122,1,1
BRF:245
BRH:203
end_of_record
TN:
SF:src/lib/debugger-core.ts
FN:7,(anonymous_0)
FN:11,debuggerCore
FNF:2
FNH:2
FNDA:1,(anonymous_0)
FNDA:1,debuggerCore
DA:2,1
DA:5,1
DA:8,1
DA:12,1
LF:4
LH:4
BRF:0
BRH:0
end_of_record
TN:
SF:src/lib/hang-detector.ts
FN:7,(anonymous_0)
FN:19,(anonymous_1)
FN:40,(anonymous_2)
FN:44,(anonymous_3)
FN:61,(anonymous_4)
FN:77,(anonymous_5)
FN:105,(anonymous_6)
FN:113,(anonymous_7)
FN:119,(anonymous_8)
FN:137,(anonymous_9)
FN:139,(anonymous_10)
FN:148,(anonymous_11)
FN:183,(anonymous_12)
FN:191,(anonymous_13)
FN:245,formatCallStack
FN:247,(anonymous_15)
FNF:16
FNH:16
FNDA:9,(anonymous_0)
FNDA:15,(anonymous_1)
FNDA:15,(anonymous_2)
FNDA:29,(anonymous_3)
FNDA:14,(anonymous_4)
FNDA:21,(anonymous_5)
FNDA:2200,(anonymous_6)
FNDA:1470,(anonymous_7)
FNDA:298,(anonymous_8)
FNDA:15,(anonymous_9)
FNDA:11,(anonymous_10)
FNDA:11,(anonymous_11)
FNDA:457,(anonymous_12)
FNDA:405,(anonymous_13)
FNDA:224,formatCallStack
FNDA:2016,(anonymous_15)
DA:2,1
DA:5,1
DA:8,9
DA:11,1
DA:12,1
DA:13,1
DA:20,15
DA:21,15
DA:22,15
DA:23,15
DA:24,15
DA:25,15
DA:26,15
DA:27,15
DA:28,15
DA:29,15
DA:31,15
DA:32,15
DA:34,15
DA:35,15
DA:37,15
DA:40,15
DA:41,15
DA:44,15
DA:45,29
DA:46,14
DA:48,15
DA:50,15
DA:51,4
DA:52,4
DA:54,15
DA:55,15
DA:56,15
DA:58,15
DA:61,15
DA:62,14
DA:63,14
DA:73,15
DA:74,15
DA:75,11
DA:76,11
DA:77,11
DA:78,21
DA:79,0
DA:80,0
DA:82,21
DA:85,21
DA:86,21
DA:87,9
DA:88,9
DA:89,9
DA:91,12
DA:93,12
DA:94,2
DA:95,2
DA:96,2
DA:105,11
DA:106,2200
DA:108,11
DA:109,11
DA:110,11
DA:111,11
DA:113,15
DA:114,1470
DA:115,1470
DA:119,15
DA:120,298
DA:122,298
DA:124,2682
DA:125,2682
DA:126,2682
DA:127,2682
DA:133,15
DA:134,15
DA:137,15
DA:139,15
DA:140,11
DA:141,0
DA:144,11
DA:146,11
DA:148,11
DA:149,11
DA:150,9
DA:151,9
DA:152,9
DA:153,9
DA:161,2
DA:162,2
DA:169,0
DA:170,0
DA:178,15
DA:179,4
DA:180,4
DA:181,4
DA:182,4
DA:183,4
DA:184,457
DA:185,52
DA:187,405
DA:189,405
DA:191,405
DA:192,405
DA:193,215
DA:194,215
DA:195,215
DA:196,215
DA:197,212
DA:199,3
DA:201,215
DA:202,2
DA:203,2
DA:210,2
DA:214,403
DA:215,403
DA:216,287
DA:224,15
DA:225,15
DA:228,15
DA:229,0
DA:231,15
DA:232,0
DA:234,15
DA:235,15
DA:237,15
DA:238,15
DA:246,224
DA:247,224
DA:249,2016
DA:251,2016
DA:252,0
DA:255,2016
DA:256,224
DA:259,2016
DA:260,1792
DA:262,2016
LF:135
LH:127
BRDA:31,0,0,15
BRDA:31,0,1,0
BRDA:45,1,0,14
BRDA:45,1,1,15
BRDA:50,2,0,4
BRDA:50,2,1,11
BRDA:54,3,0,15
BRDA:54,3,1,0
BRDA:66,4,0,14
BRDA:66,4,1,14
BRDA:74,5,0,11
BRDA:74,5,1,4
BRDA:78,6,0,0
BRDA:78,6,1,21
BRDA:79,7,0,0
BRDA:79,7,1,0
BRDA:86,8,0,9
BRDA:86,8,1,12
BRDA:88,9,0,9
BRDA:88,9,1,0
BRDA:93,10,0,2
BRDA:93,10,1,10
BRDA:93,11,0,12
BRDA:93,11,1,12
BRDA:93,11,2,2
BRDA:94,12,0,2
BRDA:94,12,1,0
BRDA:114,13,0,1470
BRDA:114,13,1,0
BRDA:114,14,0,1470
BRDA:114,14,1,1470
BRDA:120,15,0,298
BRDA:120,15,1,0
BRDA:120,16,0,0
BRDA:120,16,1,298
BRDA:124,17,0,2682
BRDA:124,17,1,0
BRDA:124,18,0,2682
BRDA:124,18,1,2682
BRDA:124,19,0,0
BRDA:124,19,1,2682
BRDA:126,20,0,2682
BRDA:126,20,1,0
BRDA:140,21,0,0
BRDA:140,21,1,11
BRDA:149,22,0,9
BRDA:149,22,1,2
BRDA:151,23,0,9
BRDA:151,23,1,0
BRDA:178,24,0,4
BRDA:178,24,1,11
BRDA:184,25,0,52
BRDA:184,25,1,405
BRDA:184,26,0,457
BRDA:184,26,1,457
BRDA:192,27,0,215
BRDA:192,27,1,190
BRDA:196,28,0,212
BRDA:196,28,1,3
BRDA:196,29,0,215
BRDA:196,29,1,212
BRDA:201,30,0,2
BRDA:201,30,1,213
BRDA:214,31,0,403
BRDA:214,31,1,0
BRDA:228,32,0,0
BRDA:228,32,1,15
BRDA:231,33,0,0
BRDA:231,33,1,15
BRDA:234,34,0,15
BRDA:234,34,1,0
BRDA:237,35,0,15
BRDA:237,35,1,0
BRDA:237,36,0,15
BRDA:237,36,1,15
BRDA:249,37,0,2016
BRDA:249,37,1,0
BRDA:251,38,0,0
BRDA:251,38,1,2016
BRDA:251,39,0,2016
BRDA:251,39,1,0
BRDA:251,40,0,0
BRDA:251,40,1,0
BRDA:255,41,0,224
BRDA:255,41,1,1792
BRDA:259,42,0,1792
BRDA:259,42,1,224
BRDA:259,43,0,2016
BRDA:259,43,1,2016
BRDA:259,43,2,2016
BRDA:260,44,0,1792
BRDA:260,44,1,1792
BRDA:263,45,0,2016
BRDA:263,45,1,1344
BRDA:264,46,0,2016
BRDA:264,46,1,0
BRF:96
BRH:70
end_of_record
TN:
SF:src/lib/health-checker.ts
FN:7,_export
FN:14,(anonymous_1)
FN:17,(anonymous_2)
FN:20,(anonymous_3)
FN:25,(anonymous_4)
FN:34,(anonymous_5)
FN:39,(anonymous_6)
FN:44,(anonymous_7)
FN:49,(anonymous_8)
FN:55,(anonymous_9)
FN:56,(anonymous_10)
FN:76,(anonymous_11)
FN:85,(anonymous_12)
FN:86,(anonymous_13)
FN:103,(anonymous_14)
FN:109,(anonymous_15)
FN:121,(anonymous_16)
FN:131,(anonymous_17)
FN:151,(anonymous_18)
FN:155,(anonymous_19)
FN:161,(anonymous_20)
FN:169,(anonymous_21)
FN:175,(anonymous_22)
FN:181,(anonymous_23)
FN:187,(anonymous_24)
FN:191,(anonymous_25)
FN:196,createSimpleDependencyChecker
FN:197,(anonymous_27)
FNF:28
FNH:28
FNDA:1,_export
FNDA:33,(anonymous_1)
FNDA:27,(anonymous_2)
FNDA:21,(anonymous_3)
FNDA:1,(anonymous_4)
FNDA:29,(anonymous_5)
FNDA:1,(anonymous_6)
FNDA:22,(anonymous_7)
FNDA:28,(anonymous_8)
FNDA:28,(anonymous_9)
FNDA:1,(anonymous_10)
FNDA:20,(anonymous_11)
FNDA:23,(anonymous_12)
FNDA:23,(anonymous_13)
FNDA:5,(anonymous_14)
FNDA:5,(anonymous_15)
FNDA:5,(anonymous_16)
FNDA:4,(anonymous_17)
FNDA:5,(anonymous_18)
FNDA:1,(anonymous_19)
FNDA:40,(anonymous_20)
FNDA:1,(anonymous_21)
FNDA:1,(anonymous_22)
FNDA:1,(anonymous_23)
FNDA:34,(anonymous_24)
FNDA:33,(anonymous_25)
FNDA:21,createSimpleDependencyChecker
FNDA:20,(anonymous_27)
DA:4,1
DA:8,3
DA:13,1
DA:15,33
DA:18,27
DA:21,21
DA:24,1
DA:25,1
DA:26,1
DA:27,1
DA:28,1
DA:29,1
DA:31,1
DA:35,29
DA:40,1
DA:45,22
DA:50,28
DA:51,28
DA:52,28
DA:53,28
DA:56,28
DA:59,26
DA:60,26
DA:64,2
DA:65,2
DA:77,20
DA:79,20
DA:80,23
DA:81,23
DA:84,20
DA:85,23
DA:86,23
DA:87,20
DA:88,7
DA:89,13
DA:90,2
DA:92,20
DA:98,20
DA:99,20
DA:104,5
DA:110,5
DA:112,5
DA:113,5
DA:114,5
DA:121,5
DA:122,5
DA:134,4
DA:136,4
DA:137,4
DA:142,0
DA:152,5
DA:153,1
DA:155,5
DA:156,1
DA:162,40
DA:163,4
DA:164,4
DA:170,1
DA:171,1
DA:176,1
DA:177,1
DA:182,1
DA:183,1
DA:188,34
DA:189,34
DA:192,33
DA:193,33
DA:197,21
DA:198,20
DA:199,20
DA:200,19
DA:206,1
LF:72
LH:71
BRDA:59,0,0,26
BRDA:59,0,1,0
BRDA:64,1,0,2
BRDA:64,1,1,0
BRDA:68,2,0,2
BRDA:68,2,1,0
BRDA:87,3,0,7
BRDA:87,3,1,13
BRDA:89,4,0,2
BRDA:89,4,1,11
BRDA:145,5,0,0
BRDA:145,5,1,0
BRDA:151,6,0,0
BRDA:152,7,0,1
BRDA:152,7,1,4
BRDA:162,8,0,4
BRDA:162,8,1,36
BRDA:202,9,0,14
BRDA:202,9,1,5
BRDA:203,10,0,14
BRDA:203,10,1,5
BRDA:209,11,0,1
BRDA:209,11,1,0
BRF:23
BRH:16
end_of_record
TN:
SF:src/lib/inspector-client.ts
FN:7,(anonymous_0)
FN:17,(anonymous_1)
FN:18,(anonymous_2)
FN:20,(anonymous_3)
FN:25,(anonymous_4)
FN:28,(anonymous_5)
FN:32,(anonymous_6)
FN:41,(anonymous_7)
FN:72,(anonymous_8)
FN:82,(anonymous_9)
FN:84,(anonymous_10)
FN:89,(anonymous_11)
FN:93,(anonymous_12)
FN:98,(anonymous_13)
FN:109,(anonymous_14)
FN:114,(anonymous_15)
FN:123,(anonymous_16)
FN:131,(anonymous_17)
FNF:18
FNH:17
FNDA:579,(anonymous_0)
FNDA:577,(anonymous_1)
FNDA:577,(anonymous_2)
FNDA:576,(anonymous_3)
FNDA:46671,(anonymous_4)
FNDA:0,(anonymous_5)
FNDA:596,(anonymous_6)
FNDA:46674,(anonymous_7)
FNDA:3308,(anonymous_8)
FNDA:3304,(anonymous_9)
FNDA:2,(anonymous_10)
FNDA:3176,(anonymous_11)
FNDA:126,(anonymous_12)
FNDA:3227,(anonymous_13)
FNDA:529,(anonymous_14)
FNDA:573,(anonymous_15)
FNDA:1169,(anonymous_16)
FNDA:663,(anonymous_17)
DA:2,19
DA:5,19
DA:8,579
DA:11,19
DA:12,19
DA:13,19
DA:14,19
DA:18,577
DA:19,577
DA:20,576
DA:21,576
DA:22,576
DA:23,576
DA:25,576
DA:26,46671
DA:28,576
DA:29,0
DA:30,0
DA:32,576
DA:33,596
DA:34,596
DA:35,596
DA:42,46674
DA:43,46674
DA:45,46673
DA:46,3302
DA:47,3302
DA:48,3301
DA:49,3301
DA:50,125
DA:51,125
DA:52,125
DA:53,125
DA:55,3176
DA:58,43371
DA:60,43370
DA:61,43370
DA:64,1
DA:73,3308
DA:74,4
DA:76,3304
DA:77,3304
DA:82,3304
DA:84,3304
DA:85,2
DA:86,2
DA:88,3304
DA:90,3176
DA:91,3176
DA:94,126
DA:95,126
DA:98,3304
DA:99,3227
DA:100,0
DA:101,0
DA:102,0
DA:110,529
DA:115,573
DA:116,567
DA:117,567
DA:119,573
DA:125,1169
DA:126,1
DA:128,1169
DA:129,1169
DA:132,663
DA:134,663
LF:67
LH:62
BRDA:45,0,0,3302
BRDA:45,0,1,43371
BRDA:47,1,0,3301
BRDA:47,1,1,1
BRDA:49,2,0,125
BRDA:49,2,1,3176
BRDA:58,3,0,43370
BRDA:58,3,1,1
BRDA:72,4,0,3306
BRDA:73,5,0,4
BRDA:73,5,1,3304
BRDA:73,6,0,3308
BRDA:73,6,1,3304
BRDA:99,7,0,0
BRDA:99,7,1,3227
BRDA:115,8,0,567
BRDA:115,8,1,6
BRF:17
BRH:16
end_of_record
TN:
SF:src/lib/memory-profiler.ts
FN:7,(anonymous_0)
FN:14,(anonymous_1)
FN:19,(anonymous_2)
FN:26,(anonymous_3)
FN:31,(anonymous_4)
FN:52,(anonymous_5)
FN:63,(anonymous_6)
FN:68,(anonymous_7)
FN:90,(anonymous_8)
FN:103,(anonymous_9)
FN:112,(anonymous_10)
FN:120,(anonymous_11)
FN:151,(anonymous_12)
FN:190,(anonymous_13)
FN:195,(anonymous_14)
FN:203,(anonymous_15)
FN:205,(anonymous_16)
FN:226,(anonymous_17)
FN:231,(anonymous_18)
FN:236,(anonymous_19)
FN:240,(anonymous_20)
FNF:21
FNH:21
FNDA:538,(anonymous_0)
FNDA:14,(anonymous_1)
FNDA:1,(anonymous_2)
FNDA:8,(anonymous_3)
FNDA:150,(anonymous_4)
FNDA:5,(anonymous_5)
FNDA:4,(anonymous_6)
FNDA:50,(anonymous_7)
FNDA:17,(anonymous_8)
FNDA:13,(anonymous_9)
FNDA:4,(anonymous_10)
FNDA:8,(anonymous_11)
FNDA:7,(anonymous_12)
FNDA:50,(anonymous_13)
FNDA:71,(anonymous_14)
FNDA:4,(anonymous_15)
FNDA:20,(anonymous_16)
FNDA:5,(anonymous_17)
FNDA:5,(anonymous_18)
FNDA:1,(anonymous_19)
FNDA:538,(anonymous_20)
DA:2,17
DA:5,17
DA:8,538
DA:11,17
DA:15,14
DA:20,1
DA:21,1
DA:27,8
DA:30,8
DA:31,8
DA:32,150
DA:34,8
DA:35,8
DA:36,8
DA:40,8
DA:41,8
DA:43,8
DA:44,8
DA:46,8
DA:53,5
DA:54,5
DA:57,5
DA:64,4
DA:65,1
DA:67,3
DA:68,3
DA:69,50
DA:71,3
DA:72,3
DA:73,3
DA:76,3
DA:78,3
DA:79,3
DA:81,3
DA:82,3
DA:84,3
DA:92,17
DA:93,17
DA:98,17
DA:99,17
DA:104,13
DA:113,4
DA:114,4
DA:116,4
DA:117,3
DA:119,3
DA:120,8
DA:121,8
DA:122,8
DA:125,3
DA:126,1
DA:133,2
DA:134,2
DA:135,2
DA:136,2
DA:137,2
DA:139,2
DA:140,2
DA:153,7
DA:155,7
DA:156,7
DA:164,7
DA:166,5
DA:168,5
DA:169,5
DA:170,5
DA:171,5
DA:172,5
DA:173,5
DA:174,5
DA:175,50337
DA:176,50337
DA:177,50337
DA:178,50337
DA:179,50337
DA:180,50287
DA:181,50287
DA:183,50
DA:190,50
DA:195,71
DA:197,7
DA:204,4
DA:205,4
DA:206,20
DA:207,19
DA:208,8
DA:210,4
DA:211,4
DA:212,4
DA:213,4
DA:214,4
DA:215,4
DA:216,4
DA:217,2
DA:218,2
DA:219,12
DA:222,4
DA:227,5
DA:232,5
DA:237,1
DA:238,1
DA:241,538
DA:242,538
DA:243,538
DA:244,538
LF:105
LH:105
BRDA:52,0,0,3
BRDA:63,1,0,3
BRDA:64,2,0,1
BRDA:64,2,1,3
BRDA:112,3,0,0
BRDA:112,4,0,0
BRDA:125,5,0,1
BRDA:125,5,1,2
BRDA:155,6,0,7
BRDA:155,6,1,3
BRDA:164,7,0,5
BRDA:164,7,1,2
BRDA:179,8,0,50287
BRDA:179,8,1,50
BRDA:206,9,0,1
BRDA:206,9,1,19
BRDA:207,10,0,11
BRDA:207,10,1,8
BRDA:216,11,0,2
BRDA:216,11,1,2
BRF:20
BRH:18
end_of_record
TN:
SF:src/lib/metrics-collector.ts
FN:7,_export
FN:14,(anonymous_1)
FN:17,(anonymous_2)
FN:21,(anonymous_3)
FN:32,(anonymous_4)
FN:40,(anonymous_5)
FN:55,(anonymous_6)
FN:68,(anonymous_7)
FN:73,(anonymous_8)
FN:89,(anonymous_9)
FN:98,(anonymous_10)
FN:113,(anonymous_11)
FN:120,(anonymous_12)
FN:121,(anonymous_13)
FN:125,(anonymous_14)
FN:126,(anonymous_15)
FN:130,(anonymous_16)
FN:142,(anonymous_17)
FN:143,(anonymous_18)
FN:157,(anonymous_19)
FN:175,(anonymous_20)
FN:180,(anonymous_21)
FN:185,(anonymous_22)
FN:190,(anonymous_23)
FN:195,(anonymous_24)
FN:200,(anonymous_25)
FN:209,(anonymous_26)
FN:218,(anonymous_27)
FN:230,(anonymous_28)
FN:234,(anonymous_29)
FNF:30
FNH:30
FNDA:1,_export
FNDA:19,(anonymous_1)
FNDA:28,(anonymous_2)
FNDA:1,(anonymous_3)
FNDA:12,(anonymous_4)
FNDA:5,(anonymous_5)
FNDA:15,(anonymous_6)
FNDA:18,(anonymous_7)
FNDA:19,(anonymous_8)
FNDA:10118,(anonymous_9)
FNDA:10172,(anonymous_10)
FNDA:6,(anonymous_11)
FNDA:11,(anonymous_12)
FNDA:21,(anonymous_13)
FNDA:2,(anonymous_14)
FNDA:8,(anonymous_15)
FNDA:8,(anonymous_16)
FNDA:4,(anonymous_17)
FNDA:12,(anonymous_18)
FNDA:5,(anonymous_19)
FNDA:7,(anonymous_20)
FNDA:5,(anonymous_21)
FNDA:1,(anonymous_22)
FNDA:3,(anonymous_23)
FNDA:1,(anonymous_24)
FNDA:5,(anonymous_25)
FNDA:1,(anonymous_26)
FNDA:2,(anonymous_27)
FNDA:1,(anonymous_28)
FNDA:28,(anonymous_29)
DA:4,1
DA:8,2
DA:13,1
DA:15,19
DA:18,28
DA:21,1
DA:22,1
DA:23,1
DA:24,1
DA:25,1
DA:26,1
DA:27,1
DA:29,1
DA:33,12
DA:34,12
DA:41,5
DA:42,5
DA:43,4
DA:44,4
DA:47,4
DA:49,5
DA:56,15
DA:57,15
DA:58,15
DA:61,15
DA:62,1
DA:64,15
DA:69,18
DA:74,19
DA:75,19
DA:76,18
DA:77,18
DA:81,18
DA:83,19
DA:84,1
DA:90,10118
DA:91,10118
DA:92,10118
DA:99,10172
DA:105,10172
DA:107,10172
DA:108,100
DA:114,6
DA:121,21
DA:126,8
DA:131,8
DA:132,0
DA:140,8
DA:142,4
DA:143,12
DA:144,8
DA:158,5
DA:160,5
DA:161,5
DA:162,12
DA:163,8
DA:165,12
DA:168,5
DA:169,8
DA:171,5
DA:176,7
DA:181,5
DA:186,1
DA:191,3
DA:196,1
DA:201,5
DA:202,5
DA:203,6
DA:205,5
DA:210,1
DA:211,1
DA:212,1
DA:213,1
DA:214,1
DA:219,2
DA:231,1
DA:232,1
DA:235,28
DA:236,28
DA:237,28
DA:238,28
DA:239,28
DA:240,28
LF:83
LH:82
BRDA:42,0,0,4
BRDA:42,0,1,1
BRDA:56,1,0,15
BRDA:56,1,1,13
BRDA:61,2,0,1
BRDA:61,2,1,14
BRDA:73,3,0,0
BRDA:75,4,0,18
BRDA:75,4,1,1
BRDA:83,5,0,1
BRDA:83,5,1,18
BRDA:90,6,0,10118
BRDA:90,6,1,16
BRDA:107,7,0,100
BRDA:107,7,1,10072
BRDA:126,8,0,8
BRDA:126,8,1,4
BRDA:131,9,0,0
BRDA:131,9,1,8
BRDA:162,10,0,8
BRDA:162,10,1,4
BRDA:181,11,0,5
BRDA:181,11,1,2
BRDA:191,12,0,3
BRDA:191,12,1,1
BRF:25
BRH:23
end_of_record
TN:
SF:src/lib/multi-target-debugger.ts
FN:10,(anonymous_0)
FN:19,(anonymous_1)
FN:44,(anonymous_2)
FN:53,(anonymous_3)
FN:66,(anonymous_4)
FN:71,(anonymous_5)
FN:76,(anonymous_6)
FN:77,(anonymous_7)
FN:81,(anonymous_8)
FN:86,(anonymous_9)
FN:86,(anonymous_10)
FN:90,(anonymous_11)
FN:122,(anonymous_12)
FN:136,(anonymous_13)
FN:153,(anonymous_14)
FN:158,(anonymous_15)
FN:161,(anonymous_16)
FN:173,(anonymous_17)
FN:180,(anonymous_18)
FN:192,(anonymous_19)
FN:195,(anonymous_20)
FN:207,(anonymous_21)
FN:212,(anonymous_22)
FN:216,(anonymous_23)
FN:220,(anonymous_24)
FN:230,(anonymous_25)
FN:236,(anonymous_26)
FN:238,(anonymous_27)
FN:248,(anonymous_28)
FN:258,(anonymous_29)
FN:270,(anonymous_30)
FN:280,(anonymous_31)
FN:292,(anonymous_32)
FN:293,(anonymous_33)
FN:297,(anonymous_34)
FN:300,(anonymous_35)
FN:305,(anonymous_36)
FN:308,(anonymous_37)
FN:322,(anonymous_38)
FNF:39
FNH:33
FNDA:38,(anonymous_0)
FNDA:49,(anonymous_1)
FNDA:6,(anonymous_2)
FNDA:2,(anonymous_3)
FNDA:7,(anonymous_4)
FNDA:3,(anonymous_5)
FNDA:3,(anonymous_6)
FNDA:7,(anonymous_7)
FNDA:4,(anonymous_8)
FNDA:4,(anonymous_9)
FNDA:4,(anonymous_10)
FNDA:6,(anonymous_11)
FNDA:3,(anonymous_12)
FNDA:2,(anonymous_13)
FNDA:4,(anonymous_14)
FNDA:1,(anonymous_15)
FNDA:0,(anonymous_16)
FNDA:1,(anonymous_17)
FNDA:0,(anonymous_18)
FNDA:1,(anonymous_19)
FNDA:0,(anonymous_20)
FNDA:6,(anonymous_21)
FNDA:2,(anonymous_22)
FNDA:2,(anonymous_23)
FNDA:0,(anonymous_24)
FNDA:1,(anonymous_25)
FNDA:48,(anonymous_26)
FNDA:12,(anonymous_27)
FNDA:1,(anonymous_28)
FNDA:0,(anonymous_29)
FNDA:13,(anonymous_30)
FNDA:4,(anonymous_31)
FNDA:1,(anonymous_32)
FNDA:1,(anonymous_33)
FNDA:1,(anonymous_34)
FNDA:2,(anonymous_35)
FNDA:2,(anonymous_36)
FNDA:0,(anonymous_37)
FNDA:38,(anonymous_38)
DA:5,1
DA:8,1
DA:11,38
DA:14,1
DA:15,1
DA:16,1
DA:20,49
DA:21,1
DA:23,48
DA:30,48
DA:32,48
DA:33,8
DA:34,8
DA:35,8
DA:39,48
DA:40,48
DA:45,6
DA:46,6
DA:47,1
DA:50,5
DA:51,2
DA:52,2
DA:53,2
DA:57,5
DA:58,1
DA:60,5
DA:61,5
DA:62,5
DA:67,7
DA:72,3
DA:77,7
DA:82,4
DA:83,4
DA:84,1
DA:86,4
DA:91,6
DA:92,6
DA:99,6
DA:100,8
DA:101,8
DA:102,1
DA:104,7
DA:105,7
DA:106,7
DA:108,0
DA:116,6
DA:117,6
DA:118,6
DA:123,3
DA:124,3
DA:125,1
DA:128,2
DA:129,2
DA:130,2
DA:131,0
DA:133,2
DA:135,2
DA:136,2
DA:137,2
DA:138,2
DA:141,0
DA:147,2
DA:148,2
DA:149,2
DA:154,4
DA:159,1
DA:160,1
DA:161,2
DA:162,0
DA:169,1
DA:174,1
DA:175,1
DA:176,1
DA:177,1
DA:178,0
DA:180,1
DA:181,0
DA:188,1
DA:193,1
DA:194,1
DA:195,2
DA:196,0
DA:203,1
DA:208,6
DA:210,6
DA:211,1
DA:212,2
DA:215,6
DA:216,2
DA:219,6
DA:220,0
DA:223,6
DA:224,1
DA:226,6
DA:231,1
DA:232,1
DA:238,48
DA:239,12
DA:248,48
DA:249,1
DA:258,48
DA:259,0
DA:271,13
DA:273,13
DA:274,1
DA:276,13
DA:281,4
DA:282,2
DA:284,2
DA:286,2
DA:287,0
DA:293,1
DA:298,1
DA:299,1
DA:300,2
DA:306,2
DA:307,2
DA:308,3
DA:309,0
DA:316,2
DA:318,2
DA:319,2
DA:320,2
DA:323,38
LF:124
LH:113
BRDA:20,0,0,1
BRDA:20,0,1,48
BRDA:32,1,0,8
BRDA:32,1,1,40
BRDA:34,2,0,8
BRDA:34,2,1,0
BRDA:46,3,0,1
BRDA:46,3,1,5
BRDA:50,4,0,2
BRDA:50,4,1,3
BRDA:52,5,0,2
BRDA:52,5,1,0
BRDA:83,6,0,1
BRDA:83,6,1,3
BRDA:101,7,0,1
BRDA:101,7,1,7
BRDA:124,8,0,1
BRDA:124,8,1,2
BRDA:130,9,0,0
BRDA:130,9,1,2
BRDA:136,10,0,2
BRDA:136,10,1,2
BRDA:137,11,0,2
BRDA:137,11,1,0
BRDA:177,12,0,0
BRDA:177,12,1,1
BRDA:210,13,0,1
BRDA:210,13,1,5
BRDA:210,14,0,3
BRDA:210,14,1,3
BRDA:215,15,0,1
BRDA:215,15,1,5
BRDA:215,16,0,3
BRDA:215,16,1,3
BRDA:219,17,0,0
BRDA:219,17,1,6
BRDA:219,18,0,3
BRDA:219,18,1,3
BRDA:223,19,0,1
BRDA:223,19,1,5
BRDA:223,20,0,3
BRDA:223,20,1,3
BRDA:273,21,0,1
BRDA:273,21,1,12
BRDA:281,22,0,2
BRDA:281,22,1,2
BRDA:286,23,0,0
BRDA:286,23,1,2
BRF:48
BRH:41
end_of_record
TN:
SF:src/lib/performance-timeline.ts
FN:5,_export
FN:12,(anonymous_1)
FN:15,(anonymous_2)
FN:19,(anonymous_3)
FN:31,(anonymous_4)
FN:50,(anonymous_5)
FN:64,(anonymous_6)
FN:83,(anonymous_7)
FN:113,(anonymous_8)
FN:130,(anonymous_9)
FN:143,(anonymous_10)
FN:146,(anonymous_11)
FN:146,(anonymous_12)
FN:148,(anonymous_13)
FN:149,(anonymous_14)
FN:152,(anonymous_15)
FN:166,(anonymous_16)
FN:181,(anonymous_17)
FN:213,(anonymous_18)
FN:218,(anonymous_19)
FN:223,(anonymous_20)
FN:229,(anonymous_21)
FN:230,(anonymous_22)
FN:244,(anonymous_23)
FNF:24
FNH:24
FNDA:17,_export
FNDA:34,(anonymous_1)
FNDA:545,(anonymous_2)
FNDA:17,(anonymous_3)
FNDA:28,(anonymous_4)
FNDA:14,(anonymous_5)
FNDA:4,(anonymous_6)
FNDA:58,(anonymous_7)
FNDA:38,(anonymous_8)
FNDA:5,(anonymous_9)
FNDA:13,(anonymous_10)
FNDA:44,(anonymous_11)
FNDA:4,(anonymous_12)
FNDA:44,(anonymous_13)
FNDA:3,(anonymous_14)
FNDA:36,(anonymous_15)
FNDA:31,(anonymous_16)
FNDA:6,(anonymous_17)
FNDA:9,(anonymous_18)
FNDA:13,(anonymous_19)
FNDA:1,(anonymous_20)
FNDA:6,(anonymous_21)
FNDA:4,(anonymous_22)
FNDA:545,(anonymous_23)
DA:2,17
DA:6,34
DA:11,17
DA:13,34
DA:16,545
DA:19,17
DA:20,17
DA:21,17
DA:22,17
DA:23,17
DA:24,17
DA:25,17
DA:26,17
DA:28,17
DA:32,28
DA:33,1
DA:36,27
DA:37,27
DA:38,27
DA:40,27
DA:42,27
DA:44,27
DA:45,27
DA:51,14
DA:52,1
DA:54,13
DA:56,13
DA:58,13
DA:60,13
DA:65,4
DA:67,4
DA:68,1
DA:71,1
DA:84,58
DA:85,57
DA:87,57
DA:88,44
DA:89,44
DA:90,44
DA:91,2
DA:92,2
DA:93,2
DA:94,2
DA:96,42
DA:114,38
DA:115,38
DA:131,5
DA:132,5
DA:144,13
DA:146,44
DA:148,44
DA:149,13
DA:150,13
DA:152,13
DA:153,36
DA:154,36
DA:166,31
DA:167,13
DA:182,6
DA:183,6
DA:184,6
DA:185,6
DA:186,6
DA:187,6
DA:188,6
DA:189,6
DA:190,3
DA:191,3
DA:193,13
DA:194,13
DA:195,1
DA:198,3
DA:200,6
DA:201,3
DA:202,3
DA:203,13
DA:204,13
DA:205,12
DA:209,6
DA:214,9
DA:219,13
DA:224,1
DA:225,1
DA:230,6
DA:231,4
DA:232,4
DA:245,545
DA:246,545
DA:247,545
DA:248,545
DA:249,545
LF:91
LH:91
BRDA:32,0,0,1
BRDA:32,0,1,27
BRDA:51,1,0,1
BRDA:51,1,1,13
BRDA:65,2,0,0
BRDA:65,2,1,4
BRDA:67,3,0,1
BRDA:67,3,1,3
BRDA:67,4,0,4
BRDA:67,4,1,1
BRDA:67,4,2,1
BRDA:84,5,0,1
BRDA:84,5,1,57
BRDA:87,6,0,44
BRDA:87,6,1,13
BRDA:87,7,0,57
BRDA:87,7,1,50
BRDA:90,8,0,2
BRDA:90,8,1,42
BRDA:101,9,0,42
BRDA:101,9,1,0
BRDA:102,10,0,42
BRDA:102,10,1,1
BRDA:189,11,0,3
BRDA:189,11,1,3
BRDA:194,12,0,1
BRDA:194,12,1,12
BRDA:194,13,0,12
BRDA:194,13,1,1
BRDA:200,14,0,3
BRDA:200,14,1,3
BRDA:204,15,0,12
BRDA:204,15,1,1
BRF:33
BRH:31
end_of_record
TN:
SF:src/lib/process-spawner.ts
FN:5,_export
FN:12,(anonymous_1)
FN:15,(anonymous_2)
FN:21,spawnWithInspectorRunning
FN:22,(anonymous_4)
FN:40,(anonymous_5)
FN:44,(anonymous_6)
FN:56,(anonymous_7)
FN:60,(anonymous_8)
FN:68,spawnWithInspector
FN:69,(anonymous_10)
FN:87,(anonymous_11)
FN:91,(anonymous_12)
FN:103,(anonymous_13)
FN:107,(anonymous_14)
FNF:15
FNH:12
FNDA:18,_export
FNDA:539,(anonymous_1)
FNDA:15,(anonymous_2)
FNDA:15,spawnWithInspectorRunning
FNDA:15,(anonymous_4)
FNDA:0,(anonymous_5)
FNDA:44,(anonymous_6)
FNDA:0,(anonymous_7)
FNDA:14,(anonymous_8)
FNDA:539,spawnWithInspector
FNDA:539,(anonymous_10)
FNDA:0,(anonymous_11)
FNDA:1547,(anonymous_12)
FNDA:2,(anonymous_13)
FNDA:498,(anonymous_14)
DA:2,18
DA:6,36
DA:11,18
DA:13,539
DA:16,15
DA:19,18
DA:20,18
DA:22,15
DA:23,15
DA:28,15
DA:39,15
DA:40,15
DA:41,0
DA:42,0
DA:44,15
DA:45,44
DA:46,44
DA:47,44
DA:48,15
DA:49,15
DA:50,15
DA:56,15
DA:57,0
DA:58,0
DA:60,15
DA:61,14
DA:62,0
DA:63,0
DA:69,539
DA:70,539
DA:75,539
DA:86,533
DA:87,533
DA:88,0
DA:89,0
DA:91,533
DA:92,1547
DA:93,1547
DA:94,1547
DA:95,530
DA:96,530
DA:97,530
DA:103,533
DA:104,2
DA:105,2
DA:107,533
DA:108,498
DA:109,1
DA:110,1
LF:49
LH:41
BRDA:21,0,0,0
BRDA:47,1,0,15
BRDA:47,1,1,29
BRDA:47,2,0,44
BRDA:47,2,1,25
BRDA:61,3,0,0
BRDA:61,3,1,14
BRDA:68,4,0,6
BRDA:94,5,0,530
BRDA:94,5,1,1017
BRDA:94,6,0,1547
BRDA:94,6,1,962
BRDA:108,7,0,1
BRDA:108,7,1,497
BRF:14
BRH:12
end_of_record
TN:
SF:src/lib/prometheus-exporter.ts
FN:8,_export
FN:15,(anonymous_1)
FN:18,(anonymous_2)
FN:21,(anonymous_3)
FN:31,(anonymous_4)
FN:46,(anonymous_5)
FN:62,(anonymous_6)
FN:77,(anonymous_7)
FN:93,(anonymous_8)
FN:109,(anonymous_9)
FN:114,(anonymous_10)
FN:118,(anonymous_11)
FN:118,(anonymous_12)
FN:123,(anonymous_13)
FN:127,(anonymous_14)
FN:127,(anonymous_15)
FN:133,(anonymous_16)
FN:164,(anonymous_17)
FN:169,(anonymous_18)
FN:176,(anonymous_19)
FN:180,(anonymous_20)
FN:185,initializeDebuggerMetrics
FNF:22
FNH:21
FNDA:1,_export
FNDA:17,(anonymous_1)
FNDA:1,(anonymous_2)
FNDA:0,(anonymous_3)
FNDA:22,(anonymous_4)
FNDA:15,(anonymous_5)
FNDA:8,(anonymous_6)
FNDA:4,(anonymous_7)
FNDA:4,(anonymous_8)
FNDA:1,(anonymous_9)
FNDA:55,(anonymous_10)
FNDA:6,(anonymous_11)
FNDA:25,(anonymous_12)
FNDA:7,(anonymous_13)
FNDA:1,(anonymous_14)
FNDA:4,(anonymous_15)
FNDA:4,(anonymous_16)
FNDA:13,(anonymous_17)
FNDA:1,(anonymous_18)
FNDA:2,(anonymous_19)
FNDA:18,(anonymous_20)
FNDA:1,initializeDebuggerMetrics
DA:5,1
DA:9,3
DA:14,1
DA:16,17
DA:19,1
DA:22,0
DA:25,1
DA:32,22
DA:33,22
DA:47,15
DA:48,15
DA:49,15
DA:50,10
DA:51,10
DA:52,10
DA:54,5
DA:63,8
DA:64,8
DA:78,4
DA:79,4
DA:80,4
DA:81,2
DA:82,2
DA:83,2
DA:85,2
DA:94,4
DA:95,4
DA:96,4
DA:97,1
DA:98,1
DA:99,1
DA:101,3
DA:110,1
DA:115,55
DA:116,36
DA:118,25
DA:119,19
DA:124,7
DA:125,4
DA:127,4
DA:128,3
DA:134,4
DA:135,4
DA:137,4
DA:138,7
DA:139,5
DA:141,7
DA:144,4
DA:145,5
DA:147,5
DA:148,3
DA:151,5
DA:153,5
DA:154,7
DA:155,7
DA:157,5
DA:159,4
DA:165,13
DA:170,1
DA:177,2
DA:178,2
DA:181,18
DA:184,1
DA:187,1
DA:188,1
DA:189,1
DA:191,1
DA:192,1
DA:194,1
DA:195,1
DA:197,1
DA:199,1
LF:72
LH:71
BRDA:46,0,0,1
BRDA:49,1,0,10
BRDA:49,1,1,5
BRDA:80,2,0,2
BRDA:80,2,1,2
BRDA:93,3,0,0
BRDA:96,4,0,1
BRDA:96,4,1,3
BRDA:109,5,0,0
BRDA:115,6,0,36
BRDA:115,6,1,19
BRDA:115,7,0,55
BRDA:115,7,1,19
BRDA:124,8,0,4
BRDA:124,8,1,3
BRDA:124,9,0,7
BRDA:124,9,1,3
BRDA:138,10,0,5
BRDA:138,10,1,2
BRDA:147,11,0,3
BRDA:147,11,1,2
BRF:21
BRH:19
end_of_record
TN:
SF:src/lib/rate-limiter.ts
FN:7,_export
FN:14,(anonymous_1)
FN:17,(anonymous_2)
FN:22,(anonymous_3)
FN:32,(anonymous_4)
FN:49,(anonymous_5)
FN:96,(anonymous_6)
FN:131,(anonymous_7)
FN:142,(anonymous_8)
FN:169,(anonymous_9)
FN:200,(anonymous_10)
FN:215,(anonymous_11)
FN:226,(anonymous_12)
FN:236,(anonymous_13)
FN:248,(anonymous_14)
FN:256,(anonymous_15)
FN:263,(anonymous_16)
FN:269,(anonymous_17)
FNF:18
FNH:18
FNDA:2,_export
FNDA:10,(anonymous_1)
FNDA:47,(anonymous_2)
FNDA:11,(anonymous_3)
FNDA:35,(anonymous_4)
FNDA:283,(anonymous_5)
FNDA:90,(anonymous_6)
FNDA:145,(anonymous_7)
FNDA:7,(anonymous_8)
FNDA:6,(anonymous_9)
FNDA:1,(anonymous_10)
FNDA:3,(anonymous_11)
FNDA:3,(anonymous_12)
FNDA:1,(anonymous_13)
FNDA:3,(anonymous_14)
FNDA:6,(anonymous_15)
FNDA:10,(anonymous_16)
FNDA:47,(anonymous_17)
DA:4,2
DA:8,4
DA:13,2
DA:15,10
DA:18,47
DA:21,2
DA:23,11
DA:24,11
DA:27,2
DA:33,35
DA:34,35
DA:35,35
DA:37,35
DA:38,35
DA:51,283
DA:52,90
DA:54,193
DA:55,193
DA:56,193
DA:57,193
DA:59,102
DA:63,91
DA:64,91
DA:65,91
DA:67,91
DA:68,46
DA:72,46
DA:75,91
DA:77,91
DA:78,91
DA:80,91
DA:81,25
DA:82,25
DA:83,25
DA:88,66
DA:97,90
DA:98,0
DA:102,90
DA:103,90
DA:105,90
DA:106,14
DA:110,14
DA:113,90
DA:115,90
DA:116,19
DA:117,19
DA:122,71
DA:132,145
DA:133,145
DA:134,11
DA:143,7
DA:144,7
DA:145,1
DA:147,6
DA:148,6
DA:149,0
DA:151,6
DA:152,6
DA:153,3
DA:159,3
DA:170,6
DA:171,6
DA:172,6
DA:173,6
DA:174,2
DA:177,4
DA:178,4
DA:179,4
DA:180,4
DA:181,3
DA:182,3
DA:183,3
DA:187,4
DA:201,1
DA:202,1
DA:203,2
DA:204,2
DA:205,2
DA:208,1
DA:216,3
DA:217,3
DA:218,1
DA:220,2
DA:227,3
DA:228,3
DA:229,1
DA:231,2
DA:232,2
DA:237,1
DA:238,1
DA:239,1
DA:240,2
DA:241,2
DA:249,3
DA:250,3
DA:251,3
DA:257,6
DA:264,10
DA:270,47
DA:271,47
DA:272,47
DA:273,47
DA:274,47
LF:103
LH:101
BRDA:34,0,0,35
BRDA:34,0,1,0
BRDA:37,1,0,35
BRDA:37,1,1,0
BRDA:51,2,0,90
BRDA:51,2,1,193
BRDA:51,3,0,283
BRDA:51,3,1,95
BRDA:55,4,0,193
BRDA:55,4,1,11
BRDA:57,5,0,102
BRDA:57,5,1,91
BRDA:67,6,0,46
BRDA:67,6,1,45
BRDA:67,7,0,91
BRDA:67,7,1,47
BRDA:80,8,0,25
BRDA:80,8,1,66
BRDA:97,9,0,0
BRDA:97,9,1,90
BRDA:105,10,0,14
BRDA:105,10,1,76
BRDA:105,11,0,90
BRDA:105,11,1,78
BRDA:115,12,0,19
BRDA:115,12,1,71
BRDA:131,13,0,6
BRDA:133,14,0,11
BRDA:133,14,1,134
BRDA:134,15,0,11
BRDA:134,15,1,0
BRDA:142,16,0,1
BRDA:144,17,0,1
BRDA:144,17,1,6
BRDA:148,18,0,0
BRDA:148,18,1,6
BRDA:152,19,0,3
BRDA:152,19,1,3
BRDA:173,20,0,2
BRDA:173,20,1,4
BRDA:173,21,0,6
BRDA:173,21,1,4
BRDA:179,22,0,4
BRDA:179,22,1,0
BRDA:182,23,0,3
BRDA:182,23,1,0
BRDA:204,24,0,2
BRDA:204,24,1,0
BRDA:215,25,0,0
BRDA:217,26,0,1
BRDA:217,26,1,2
BRDA:228,27,0,1
BRDA:228,27,1,2
BRDA:240,28,0,2
BRDA:240,28,1,0
BRF:55
BRH:45
end_of_record
TN:
SF:src/lib/resource-limiter.ts
FN:10,(anonymous_0)
FN:21,(anonymous_1)
FN:32,(anonymous_2)
FN:43,(anonymous_3)
FN:58,(anonymous_4)
FN:68,(anonymous_5)
FN:75,(anonymous_6)
FN:86,(anonymous_7)
FN:96,(anonymous_8)
FN:103,(anonymous_9)
FN:113,(anonymous_10)
FN:126,(anonymous_11)
FN:135,(anonymous_12)
FN:147,(anonymous_13)
FN:152,(anonymous_14)
FN:159,(anonymous_15)
FNF:16
FNH:16
FNDA:21,(anonymous_0)
FNDA:3,(anonymous_1)
FNDA:24,(anonymous_2)
FNDA:3,(anonymous_3)
FNDA:3,(anonymous_4)
FNDA:53,(anonymous_5)
FNDA:2,(anonymous_6)
FNDA:3,(anonymous_7)
FNDA:22,(anonymous_8)
FNDA:1,(anonymous_9)
FNDA:3,(anonymous_10)
FNDA:3,(anonymous_11)
FNDA:9,(anonymous_12)
FNDA:1,(anonymous_13)
FNDA:1,(anonymous_14)
FNDA:21,(anonymous_15)
DA:5,1
DA:8,1
DA:11,21
DA:14,1
DA:15,1
DA:22,3
DA:23,3
DA:24,1
DA:26,2
DA:33,24
DA:34,24
DA:35,24
DA:36,24
DA:37,24
DA:44,3
DA:45,3
DA:46,2
DA:48,3
DA:49,3
DA:50,3
DA:51,3
DA:59,3
DA:60,3
DA:61,1
DA:63,2
DA:69,53
DA:70,53
DA:76,2
DA:77,2
DA:78,1
DA:87,3
DA:88,3
DA:89,1
DA:91,2
DA:97,22
DA:98,22
DA:104,1
DA:105,1
DA:106,0
DA:114,3
DA:115,3
DA:116,1
DA:118,2
DA:119,2
DA:127,3
DA:128,1
DA:130,2
DA:136,9
DA:148,1
DA:153,1
DA:154,1
DA:155,1
DA:156,1
DA:157,1
DA:160,21
DA:161,21
LF:56
LH:55
BRDA:22,0,0,3
BRDA:22,0,1,1
BRDA:23,1,0,1
BRDA:23,1,1,2
BRDA:33,2,0,24
BRDA:33,2,1,20
BRDA:44,3,0,3
BRDA:44,3,1,1
BRDA:45,4,0,2
BRDA:45,4,1,1
BRDA:59,5,0,3
BRDA:59,5,1,1
BRDA:60,6,0,1
BRDA:60,6,1,2
BRDA:69,7,0,53
BRDA:69,7,1,4
BRDA:76,8,0,2
BRDA:76,8,1,1
BRDA:77,9,0,1
BRDA:77,9,1,1
BRDA:87,10,0,3
BRDA:87,10,1,1
BRDA:88,11,0,1
BRDA:88,11,1,2
BRDA:97,12,0,22
BRDA:97,12,1,3
BRDA:104,13,0,1
BRDA:104,13,1,1
BRDA:105,14,0,0
BRDA:105,14,1,1
BRDA:115,15,0,1
BRDA:115,15,1,2
BRDA:127,16,0,1
BRDA:127,16,1,2
BRF:34
BRH:33
end_of_record
TN:
SF:src/lib/retry-handler.ts
FN:8,_export
FN:15,(anonymous_1)
FN:18,(anonymous_2)
FN:30,(anonymous_3)
FN:63,(anonymous_4)
FN:75,(anonymous_5)
FN:76,(anonymous_6)
FN:80,(anonymous_7)
FN:120,Retryable
FN:121,(anonymous_9)
FN:123,(anonymous_10)
FN:124,(anonymous_11)
FNF:12
FNH:12
FNDA:1,_export
FNDA:22,(anonymous_1)
FNDA:1,(anonymous_2)
FNDA:19,(anonymous_3)
FNDA:24,(anonymous_4)
FNDA:24,(anonymous_5)
FNDA:24,(anonymous_6)
FNDA:4,(anonymous_7)
FNDA:1,Retryable
FNDA:1,(anonymous_9)
FNDA:1,(anonymous_10)
FNDA:3,(anonymous_11)
DA:5,1
DA:9,2
DA:14,1
DA:16,22
DA:19,1
DA:22,1
DA:23,1
DA:31,19
DA:33,19
DA:34,19
DA:35,19
DA:36,41
DA:37,41
DA:38,12
DA:40,29
DA:41,29
DA:43,29
DA:44,2
DA:47,27
DA:48,5
DA:51,22
DA:52,22
DA:53,22
DA:55,22
DA:59,0
DA:65,24
DA:67,24
DA:69,24
DA:70,24
DA:71,24
DA:76,24
DA:81,4
DA:83,4
DA:84,4
DA:85,4
DA:86,6
DA:87,6
DA:88,2
DA:97,4
DA:98,4
DA:99,4
DA:100,1
DA:102,3
DA:103,1
DA:105,2
DA:106,2
DA:107,2
DA:110,0
DA:113,1
DA:121,1
DA:122,1
DA:123,1
DA:124,3
DA:126,1
LF:54
LH:52
BRDA:30,0,0,1
BRDA:40,1,0,21
BRDA:40,1,1,8
BRDA:43,2,0,2
BRDA:43,2,1,27
BRDA:43,3,0,29
BRDA:43,3,1,5
BRDA:47,4,0,5
BRDA:47,4,1,22
BRDA:59,5,0,0
BRDA:59,5,1,0
BRDA:80,6,0,1
BRDA:97,7,0,4
BRDA:97,7,1,0
BRDA:99,8,0,1
BRDA:99,8,1,3
BRDA:99,9,0,4
BRDA:99,9,1,1
BRDA:102,10,0,1
BRDA:102,10,1,2
BRDA:110,11,0,0
BRDA:110,11,1,0
BRDA:120,12,0,0
BRF:23
BRH:17
end_of_record
TN:
SF:src/lib/session-manager.ts
FN:7,(anonymous_0)
FN:17,(anonymous_1)
FN:24,(anonymous_2)
FN:30,(anonymous_3)
FN:59,(anonymous_4)
FN:65,(anonymous_5)
FN:72,(anonymous_6)
FN:79,(anonymous_7)
FN:97,(anonymous_8)
FN:98,(anonymous_9)
FN:104,(anonymous_10)
FN:110,(anonymous_11)
FN:115,(anonymous_12)
FN:122,(anonymous_13)
FNF:14
FNH:14
FNDA:130,(anonymous_0)
FNDA:326,(anonymous_1)
FNDA:326,(anonymous_2)
FNDA:7,(anonymous_3)
FNDA:2,(anonymous_4)
FNDA:56,(anonymous_5)
FNDA:25,(anonymous_6)
FNDA:192,(anonymous_7)
FNDA:91,(anonymous_8)
FNDA:129,(anonymous_9)
FNDA:8,(anonymous_10)
FNDA:1,(anonymous_11)
FNDA:1,(anonymous_12)
FNDA:130,(anonymous_13)
DA:2,10
DA:5,10
DA:8,130
DA:11,10
DA:12,10
DA:13,10
DA:14,10
DA:18,326
DA:25,326
DA:26,326
DA:28,326
DA:30,326
DA:32,7
DA:36,7
DA:38,326
DA:39,326
DA:40,320
DA:44,320
DA:47,6
DA:48,6
DA:52,6
DA:60,2
DA:66,56
DA:73,25
DA:80,192
DA:81,192
DA:82,3
DA:83,3
DA:85,189
DA:86,189
DA:87,186
DA:88,186
DA:89,186
DA:91,3
DA:92,3
DA:98,129
DA:99,91
DA:100,91
DA:105,8
DA:111,1
DA:116,1
DA:117,1
DA:118,1
DA:123,130
DA:124,130
LF:45
LH:45
BRDA:51,0,0,3
BRDA:51,0,1,3
BRDA:81,1,0,3
BRDA:81,1,1,189
BRDA:91,2,0,2
BRDA:91,2,1,1
BRDA:117,3,0,1
BRDA:117,3,1,0
BRDA:124,4,0,130
BRDA:124,4,1,130
BRF:10
BRH:9
end_of_record
TN:
SF:src/lib/session-recorder.ts
FN:7,_export
FN:14,(anonymous_1)
FN:17,(anonymous_2)
FN:20,(anonymous_3)
FN:25,(anonymous_4)
FN:42,(anonymous_5)
FN:52,(anonymous_6)
FN:67,(anonymous_7)
FN:80,(anonymous_8)
FN:82,(anonymous_9)
FN:86,(anonymous_10)
FN:98,(anonymous_11)
FN:106,(anonymous_12)
FN:111,(anonymous_13)
FN:123,(anonymous_14)
FN:155,(anonymous_15)
FN:185,(anonymous_16)
FN:200,(anonymous_17)
FN:212,(anonymous_18)
FN:220,(anonymous_19)
FN:235,(anonymous_20)
FN:241,(anonymous_21)
FN:253,(anonymous_22)
FN:262,(anonymous_23)
FN:274,(anonymous_24)
FN:283,(anonymous_25)
FN:284,(anonymous_26)
FN:295,(anonymous_27)
FN:300,(anonymous_28)
FN:305,(anonymous_29)
FN:310,(anonymous_30)
FN:314,(anonymous_31)
FNF:32
FNH:31
FNDA:1,_export
FNDA:16,(anonymous_1)
FNDA:84,(anonymous_2)
FNDA:43,(anonymous_3)
FNDA:1,(anonymous_4)
FNDA:1,(anonymous_5)
FNDA:46,(anonymous_6)
FNDA:15,(anonymous_7)
FNDA:75,(anonymous_8)
FNDA:65,(anonymous_9)
FNDA:73,(anonymous_10)
FNDA:9,(anonymous_11)
FNDA:0,(anonymous_12)
FNDA:33,(anonymous_13)
FNDA:95,(anonymous_14)
FNDA:96,(anonymous_15)
FNDA:56,(anonymous_16)
FNDA:8,(anonymous_17)
FNDA:10,(anonymous_18)
FNDA:1,(anonymous_19)
FNDA:2,(anonymous_20)
FNDA:13,(anonymous_21)
FNDA:3,(anonymous_22)
FNDA:2,(anonymous_23)
FNDA:2,(anonymous_24)
FNDA:2,(anonymous_25)
FNDA:2,(anonymous_26)
FNDA:1,(anonymous_27)
FNDA:2,(anonymous_28)
FNDA:1,(anonymous_29)
FNDA:1,(anonymous_30)
FNDA:43,(anonymous_31)
DA:4,1
DA:8,3
DA:13,1
DA:15,16
DA:18,84
DA:21,43
DA:24,1
DA:25,1
DA:26,1
DA:27,1
DA:28,1
DA:29,1
DA:30,1
DA:31,1
DA:32,1
DA:33,1
DA:34,1
DA:35,1
DA:36,1
DA:37,1
DA:38,1
DA:39,1
DA:40,1
DA:42,1
DA:43,1
DA:44,1
DA:45,1
DA:46,1
DA:47,1
DA:49,1
DA:53,46
DA:54,1
DA:56,45
DA:57,45
DA:63,45
DA:68,15
DA:69,0
DA:71,15
DA:72,15
DA:73,15
DA:74,15
DA:76,15
DA:81,75
DA:82,65
DA:84,60
DA:85,59
DA:86,73
DA:87,3
DA:89,13
DA:90,2
DA:94,55
DA:99,9
DA:100,4
DA:101,2
DA:103,2
DA:105,5
DA:106,0
DA:108,5
DA:109,5
DA:110,5
DA:111,33
DA:112,3
DA:114,5
DA:117,5
DA:119,0
DA:124,95
DA:126,0
DA:131,2
DA:136,58
DA:137,58
DA:142,35
DA:147,0
DA:156,96
DA:157,1
DA:159,95
DA:160,95
DA:161,0
DA:164,95
DA:166,6
DA:168,95
DA:169,95
DA:176,95
DA:178,95
DA:179,95
DA:180,95
DA:186,56
DA:187,56
DA:188,56
DA:189,5
DA:191,51
DA:201,8
DA:202,8
DA:203,28
DA:204,28
DA:205,28
DA:208,8
DA:213,10
DA:214,10
DA:215,10
DA:216,10
DA:221,1
DA:222,1
DA:223,1
DA:224,1
DA:225,1
DA:226,1
DA:227,1
DA:228,1
DA:231,1
DA:236,2
DA:237,2
DA:238,0
DA:241,13
DA:243,2
DA:244,2
DA:245,2
DA:246,7
DA:247,7
DA:249,2
DA:254,3
DA:255,3
DA:256,1
DA:258,2
DA:263,2
DA:264,2
DA:265,1
DA:266,1
DA:267,1
DA:269,1
DA:275,2
DA:276,2
DA:277,1
DA:283,2
DA:284,2
DA:285,1
DA:296,1
DA:301,2
DA:306,1
DA:311,1
DA:312,1
DA:315,43
DA:316,43
DA:317,43
DA:324,43
DA:325,43
LF:145
LH:138
BRDA:53,0,0,1
BRDA:53,0,1,45
BRDA:68,1,0,0
BRDA:68,1,1,15
BRDA:72,2,0,15
BRDA:72,2,1,0
BRDA:81,3,0,15
BRDA:81,3,1,60
BRDA:84,4,0,59
BRDA:84,4,1,1
BRDA:84,5,0,60
BRDA:84,5,1,59
BRDA:86,6,0,3
BRDA:86,6,1,13
BRDA:89,7,0,2
BRDA:89,7,1,11
BRDA:99,8,0,4
BRDA:99,8,1,5
BRDA:100,9,0,2
BRDA:100,9,1,2
BRDA:105,10,0,0
BRDA:105,10,1,5
BRDA:108,11,0,5
BRDA:108,11,1,0
BRDA:108,12,0,5
BRDA:108,12,1,5
BRDA:111,13,0,3
BRDA:111,13,1,5
BRDA:124,14,0,0
BRDA:124,14,1,2
BRDA:124,14,2,58
BRDA:124,14,3,35
BRDA:124,14,4,0
BRDA:138,15,0,4
BRDA:138,15,1,54
BRDA:156,16,0,1
BRDA:156,16,1,95
BRDA:160,17,0,0
BRDA:160,17,1,95
BRDA:164,18,0,6
BRDA:164,18,1,89
BRDA:179,19,0,95
BRDA:179,19,1,0
BRDA:188,20,0,5
BRDA:188,20,1,51
BRDA:188,21,0,56
BRDA:188,21,1,51
BRDA:204,22,0,28
BRDA:204,22,1,0
BRDA:226,23,0,1
BRDA:226,23,1,0
BRDA:237,24,0,0
BRDA:237,24,1,2
BRDA:255,25,0,1
BRDA:255,25,1,2
BRDA:276,26,0,1
BRDA:276,26,1,1
BRDA:314,27,0,31
BRDA:326,28,0,43
BRDA:326,28,1,41
BRDA:326,29,0,39
BRDA:326,29,1,4
BRDA:327,30,0,43
BRDA:327,30,1,41
BRDA:327,31,0,39
BRDA:327,31,1,4
BRDA:328,32,0,43
BRDA:328,32,1,41
BRDA:328,33,0,39
BRDA:328,33,1,4
BRF:70
BRH:59
end_of_record
TN:
SF:src/lib/session-timeout-manager.ts
FN:9,(anonymous_0)
FN:18,(anonymous_1)
FN:33,(anonymous_2)
FN:38,(anonymous_3)
FN:47,(anonymous_4)
FN:68,(anonymous_5)
FN:73,(anonymous_6)
FN:80,(anonymous_7)
FN:98,(anonymous_8)
FN:105,(anonymous_9)
FN:118,(anonymous_10)
FN:134,(anonymous_11)
FN:140,(anonymous_12)
FN:147,(anonymous_13)
FN:154,(anonymous_14)
FN:160,(anonymous_15)
FN:179,(anonymous_16)
FN:195,(anonymous_17)
FN:209,(anonymous_18)
FN:215,(anonymous_19)
FN:222,(anonymous_20)
FN:225,(anonymous_21)
FNF:22
FNH:22
FNDA:33,(anonymous_0)
FNDA:28,(anonymous_1)
FNDA:6,(anonymous_2)
FNDA:9,(anonymous_3)
FNDA:7,(anonymous_4)
FNDA:1,(anonymous_5)
FNDA:2,(anonymous_6)
FNDA:4,(anonymous_7)
FNDA:16,(anonymous_8)
FNDA:14,(anonymous_9)
FNDA:3,(anonymous_10)
FNDA:5,(anonymous_11)
FNDA:7,(anonymous_12)
FNDA:8,(anonymous_13)
FNDA:7,(anonymous_14)
FNDA:11,(anonymous_15)
FNDA:7,(anonymous_16)
FNDA:2,(anonymous_17)
FNDA:2,(anonymous_18)
FNDA:2,(anonymous_19)
FNDA:1,(anonymous_20)
FNDA:33,(anonymous_21)
DA:4,2
DA:7,2
DA:10,33
DA:13,2
DA:14,2
DA:19,28
DA:20,1
DA:22,27
DA:23,27
DA:24,27
DA:31,27
DA:32,8
DA:33,8
DA:34,6
DA:38,27
DA:39,9
DA:41,27
DA:48,7
DA:49,1
DA:51,6
DA:52,6
DA:53,2
DA:55,4
DA:56,4
DA:57,4
DA:59,4
DA:60,2
DA:62,4
DA:63,4
DA:66,4
DA:67,2
DA:68,2
DA:69,1
DA:73,4
DA:74,2
DA:81,4
DA:82,4
DA:83,1
DA:86,3
DA:87,2
DA:89,3
DA:90,3
DA:92,3
DA:99,16
DA:106,14
DA:107,14
DA:108,1
DA:110,13
DA:111,13
DA:112,13
DA:119,3
DA:120,3
DA:121,1
DA:123,2
DA:124,2
DA:135,5
DA:141,7
DA:148,8
DA:155,7
DA:161,11
DA:162,11
DA:163,0
DA:166,11
DA:168,11
DA:169,7
DA:170,7
DA:180,7
DA:181,7
DA:182,0
DA:185,7
DA:186,5
DA:187,5
DA:196,2
DA:197,4
DA:198,0
DA:200,4
DA:201,4
DA:204,2
DA:210,2
DA:216,2
DA:223,1
DA:229,33
DA:230,33
DA:231,33
DA:232,33
LF:85
LH:82
BRDA:19,0,0,1
BRDA:19,0,1,27
BRDA:31,1,0,8
BRDA:31,1,1,19
BRDA:31,2,0,27
BRDA:31,2,1,9
BRDA:48,3,0,1
BRDA:48,3,1,6
BRDA:52,4,0,2
BRDA:52,4,1,4
BRDA:59,5,0,2
BRDA:59,5,1,2
BRDA:62,6,0,4
BRDA:62,6,1,0
BRDA:66,7,0,2
BRDA:66,7,1,2
BRDA:66,8,0,4
BRDA:66,8,1,2
BRDA:82,9,0,1
BRDA:82,9,1,3
BRDA:86,10,0,2
BRDA:86,10,1,1
BRDA:89,11,0,3
BRDA:89,11,1,0
BRDA:107,12,0,1
BRDA:107,12,1,13
BRDA:120,13,0,1
BRDA:120,13,1,2
BRDA:123,14,0,2
BRDA:123,14,1,0
BRDA:162,15,0,0
BRDA:162,15,1,11
BRDA:181,16,0,0
BRDA:181,16,1,7
BRDA:197,17,0,0
BRDA:197,17,1,4
BRDA:200,18,0,4
BRDA:200,18,1,0
BRDA:225,19,0,1
BRF:39
BRH:32
end_of_record
TN:
SF:src/lib/shutdown-handler.ts
FN:10,(anonymous_0)
FN:15,(anonymous_1)
FN:18,(anonymous_2)
FN:21,(anonymous_3)
FN:27,(anonymous_4)
FN:29,(anonymous_5)
FN:35,(anonymous_6)
FN:37,(anonymous_7)
FN:43,(anonymous_8)
FN:45,(anonymous_9)
FN:47,(anonymous_10)
FN:52,(anonymous_11)
FN:54,(anonymous_12)
FN:56,(anonymous_13)
FN:61,(anonymous_14)
FN:68,(anonymous_15)
FN:75,(anonymous_16)
FN:96,(anonymous_17)
FN:99,(anonymous_18)
FNF:19
FNH:15
FNDA:47,(anonymous_0)
FNDA:38,(anonymous_1)
FNDA:106,(anonymous_2)
FNDA:22,(anonymous_3)
FNDA:3,(anonymous_4)
FNDA:0,(anonymous_5)
FNDA:2,(anonymous_6)
FNDA:0,(anonymous_7)
FNDA:2,(anonymous_8)
FNDA:0,(anonymous_9)
FNDA:2,(anonymous_10)
FNDA:2,(anonymous_11)
FNDA:0,(anonymous_12)
FNDA:2,(anonymous_13)
FNDA:32,(anonymous_14)
FNDA:4,(anonymous_15)
FNDA:34,(anonymous_16)
FNDA:2,(anonymous_17)
FNDA:47,(anonymous_18)
DA:5,2
DA:8,2
DA:11,47
DA:14,2
DA:16,38
DA:19,106
DA:22,22
DA:23,1
DA:25,21
DA:27,21
DA:28,3
DA:29,3
DA:30,0
DA:31,0
DA:35,21
DA:36,2
DA:37,2
DA:38,0
DA:39,0
DA:43,21
DA:44,2
DA:45,2
DA:46,0
DA:48,2
DA:52,21
DA:53,2
DA:54,2
DA:55,0
DA:57,2
DA:62,32
DA:63,4
DA:64,4
DA:66,28
DA:68,28
DA:69,4
DA:70,4
DA:72,28
DA:73,28
DA:75,28
DA:76,34
DA:77,34
DA:78,34
DA:79,25
DA:81,9
DA:85,28
DA:86,28
DA:87,28
DA:89,28
DA:91,0
DA:92,0
DA:93,0
DA:97,2
DA:100,47
DA:101,47
DA:102,47
DA:103,47
LF:56
LH:47
BRDA:22,0,0,1
BRDA:22,0,1,21
BRDA:62,1,0,4
BRDA:62,1,1,28
BRDA:99,2,0,0
BRF:5
BRH:4
end_of_record
TN:
SF:src/lib/source-map-manager.ts
FN:7,(anonymous_0)
FN:22,(anonymous_1)
FN:46,(anonymous_2)
FN:70,(anonymous_3)
FN:81,(anonymous_4)
FN:87,(anonymous_5)
FN:97,(anonymous_6)
FN:106,(anonymous_7)
FN:123,(anonymous_8)
FN:154,(anonymous_9)
FN:188,(anonymous_10)
FN:208,(anonymous_11)
FN:226,(anonymous_12)
FN:257,(anonymous_13)
FN:265,(anonymous_14)
FN:276,(anonymous_15)
FNF:16
FNH:16
FNDA:587,(anonymous_0)
FNDA:1409,(anonymous_1)
FNDA:1109,(anonymous_2)
FNDA:5,(anonymous_3)
FNDA:4,(anonymous_4)
FNDA:614,(anonymous_5)
FNDA:9,(anonymous_6)
FNDA:116,(anonymous_7)
FNDA:19224,(anonymous_8)
FNDA:1157,(anonymous_9)
FNDA:116,(anonymous_10)
FNDA:86,(anonymous_11)
FNDA:110,(anonymous_12)
FNDA:8,(anonymous_13)
FNDA:552,(anonymous_14)
FNDA:587,(anonymous_15)
DA:2,18
DA:5,18
DA:8,587
DA:11,18
DA:12,18
DA:13,18
DA:14,18
DA:15,18
DA:24,1409
DA:25,296
DA:28,1113
DA:29,4
DA:32,1109
DA:33,1109
DA:34,1109
DA:35,1109
DA:36,1109
DA:37,21
DA:39,1109
DA:41,1109
DA:47,1109
DA:49,1109
DA:50,1109
DA:52,1086
DA:55,23
DA:56,23
DA:58,21
DA:59,21
DA:63,2
DA:71,5
DA:72,1
DA:74,4
DA:75,4
DA:82,4
DA:89,614
DA:90,38
DA:92,614
DA:93,614
DA:98,9
DA:107,116
DA:110,116
DA:111,116
DA:112,4
DA:115,112
DA:116,112
DA:118,3
DA:122,109
DA:123,109
DA:125,19224
DA:126,453
DA:132,109
DA:134,25
DA:137,84
DA:138,84
DA:145,0
DA:155,1157
DA:157,1157
DA:158,1157
DA:160,1068
DA:163,89
DA:167,89
DA:169,3
DA:173,86
DA:174,86
DA:181,0
DA:190,116
DA:196,116
DA:197,128
DA:198,112
DA:201,4
DA:210,86
DA:211,1
DA:214,85
DA:215,85
DA:227,110
DA:229,110
DA:230,110
DA:232,4
DA:235,106
DA:240,106
DA:241,1
DA:244,105
DA:247,0
DA:258,8
DA:259,8
DA:260,8
DA:261,4
DA:263,4
DA:265,4
DA:266,552
DA:268,2
DA:271,4
DA:273,0
DA:277,587
DA:278,587
LF:95
LH:91
BRDA:24,0,0,296
BRDA:24,0,1,1113
BRDA:28,1,0,4
BRDA:28,1,1,1109
BRDA:36,2,0,21
BRDA:36,2,1,1088
BRDA:50,3,0,1086
BRDA:50,3,1,23
BRDA:71,4,0,1
BRDA:71,4,1,4
BRDA:111,5,0,4
BRDA:111,5,1,112
BRDA:116,6,0,3
BRDA:116,6,1,109
BRDA:125,7,0,453
BRDA:125,7,1,18771
BRDA:125,8,0,19224
BRDA:125,8,1,19223
BRDA:125,8,2,19223
BRDA:132,9,0,25
BRDA:132,9,1,84
BRDA:158,10,0,1068
BRDA:158,10,1,89
BRDA:167,11,0,3
BRDA:167,11,1,86
BRDA:167,12,0,89
BRDA:167,12,1,87
BRDA:177,13,0,86
BRDA:177,13,1,23
BRDA:197,14,0,112
BRDA:197,14,1,16
BRDA:210,15,0,1
BRDA:210,15,1,85
BRDA:230,16,0,4
BRDA:230,16,1,106
BRDA:240,17,0,1
BRDA:240,17,1,105
BRDA:260,18,0,4
BRDA:260,18,1,4
BRDA:266,19,0,2
BRDA:266,19,1,550
BRDA:266,20,0,552
BRDA:266,20,1,8
BRDA:266,20,2,6
BRF:44
BRH:44
end_of_record
TN:
SF:src/lib/structured-logger.ts
FN:5,_export
FN:12,(anonymous_1)
FN:15,(anonymous_2)
FN:21,(anonymous_3)
FN:31,(anonymous_4)
FN:36,(anonymous_5)
FN:49,(anonymous_6)
FN:78,(anonymous_7)
FN:111,(anonymous_8)
FN:138,(anonymous_9)
FN:145,(anonymous_10)
FN:152,(anonymous_11)
FN:159,(anonymous_12)
FN:166,(anonymous_13)
FN:176,(anonymous_14)
FN:181,(anonymous_15)
FN:186,(anonymous_16)
FN:189,(anonymous_17)
FNF:18
FNH:18
FNDA:1,_export
FNDA:7,(anonymous_1)
FNDA:26,(anonymous_2)
FNDA:1,(anonymous_3)
FNDA:5,(anonymous_4)
FNDA:1142,(anonymous_5)
FNDA:1137,(anonymous_6)
FNDA:21,(anonymous_7)
FNDA:1137,(anonymous_8)
FNDA:5,(anonymous_9)
FNDA:1132,(anonymous_10)
FNDA:2,(anonymous_11)
FNDA:3,(anonymous_12)
FNDA:12,(anonymous_13)
FNDA:1,(anonymous_14)
FNDA:1,(anonymous_15)
FNDA:1,(anonymous_16)
FNDA:26,(anonymous_17)
DA:2,1
DA:6,2
DA:11,1
DA:13,7
DA:16,26
DA:19,1
DA:20,1
DA:21,1
DA:22,1
DA:23,1
DA:24,1
DA:25,1
DA:26,1
DA:28,1
DA:32,5
DA:37,1142
DA:43,1142
DA:44,1142
DA:45,1142
DA:50,1137
DA:55,1137
DA:56,3
DA:58,1137
DA:59,3
DA:61,1137
DA:62,3
DA:64,1137
DA:65,2
DA:67,1137
DA:68,1
DA:74,1137
DA:79,21
DA:80,10
DA:83,11
DA:84,11
DA:85,11
DA:87,11
DA:88,11
DA:89,1
DA:91,11
DA:92,1
DA:94,11
DA:95,1
DA:97,11
DA:98,11
DA:99,0
DA:101,11
DA:102,0
DA:103,0
DA:104,0
DA:107,11
DA:113,1137
DA:114,1137
DA:115,100
DA:118,1137
DA:119,21
DA:120,21
DA:122,2
DA:123,2
DA:125,15
DA:126,15
DA:128,1
DA:129,1
DA:131,3
DA:132,3
DA:139,5
DA:140,2
DA:141,2
DA:146,1132
DA:147,1131
DA:148,1131
DA:153,2
DA:154,1
DA:155,1
DA:160,3
DA:161,3
DA:162,3
DA:167,12
DA:168,1
DA:170,11
DA:177,1
DA:182,1
DA:187,1
DA:190,26
DA:191,26
DA:192,26
LF:86
LH:82
BRDA:51,0,0,1136
BRDA:51,0,1,1
BRDA:55,1,0,3
BRDA:55,1,1,1134
BRDA:55,2,0,1128
BRDA:55,2,1,9
BRDA:58,3,0,3
BRDA:58,3,1,1134
BRDA:58,4,0,1128
BRDA:58,4,1,9
BRDA:61,5,0,3
BRDA:61,5,1,1134
BRDA:61,6,0,1128
BRDA:61,6,1,9
BRDA:64,7,0,2
BRDA:64,7,1,1135
BRDA:64,8,0,1128
BRDA:64,8,1,9
BRDA:67,9,0,1
BRDA:67,9,1,1136
BRDA:67,10,0,1128
BRDA:67,10,1,9
BRDA:79,11,0,10
BRDA:79,11,1,11
BRDA:84,12,0,11
BRDA:84,12,1,0
BRDA:88,13,0,1
BRDA:88,13,1,10
BRDA:91,14,0,1
BRDA:91,14,1,10
BRDA:94,15,0,1
BRDA:94,15,1,10
BRDA:98,16,0,0
BRDA:98,16,1,11
BRDA:101,17,0,0
BRDA:101,17,1,11
BRDA:103,18,0,0
BRDA:103,18,1,0
BRDA:114,19,0,100
BRDA:114,19,1,1037
BRDA:118,20,0,21
BRDA:118,20,1,1116
BRDA:120,21,0,2
BRDA:120,21,1,15
BRDA:120,21,2,1
BRDA:120,21,3,3
BRDA:139,22,0,3
BRDA:139,22,1,2
BRDA:146,23,0,1
BRDA:146,23,1,1131
BRDA:153,24,0,1
BRDA:153,24,1,1
BRDA:160,25,0,0
BRDA:160,25,1,3
BRDA:167,26,0,1
BRDA:167,26,1,11
BRDA:189,27,0,2
BRDA:193,28,0,26
BRDA:193,28,1,21
BRF:59
BRH:53
end_of_record
TN:
SF:src/lib/test-runner.ts
FN:5,_export
FN:12,(anonymous_1)
FN:15,(anonymous_2)
FN:18,(anonymous_3)
FN:21,(anonymous_4)
FN:27,parseJestOutput
FN:116,parseMochaOutput
FN:192,parseVitestOutput
FN:255,executeTests
FN:257,(anonymous_9)
FN:284,(anonymous_10)
FN:296,(anonymous_11)
FN:328,(anonymous_12)
FN:332,(anonymous_13)
FN:344,(anonymous_14)
FN:349,(anonymous_15)
FN:384,(anonymous_16)
FNF:17
FNH:17
FNDA:4,_export
FNDA:50,(anonymous_1)
FNDA:20,(anonymous_2)
FNDA:18,(anonymous_3)
FNDA:12,(anonymous_4)
FNDA:55,parseJestOutput
FNDA:24,parseMochaOutput
FNDA:19,parseVitestOutput
FNDA:50,executeTests
FNDA:50,(anonymous_9)
FNDA:3,(anonymous_10)
FNDA:5,(anonymous_11)
FNDA:22,(anonymous_12)
FNDA:18,(anonymous_13)
FNDA:16,(anonymous_14)
FNDA:48,(anonymous_15)
FNDA:1,(anonymous_16)
DA:2,4
DA:6,16
DA:11,4
DA:13,50
DA:16,20
DA:19,18
DA:22,12
DA:25,4
DA:26,4
DA:28,55
DA:29,55
DA:30,55
DA:31,55
DA:32,55
DA:33,55
DA:36,55
DA:37,55
DA:38,10
DA:39,10
DA:40,10
DA:42,10
DA:43,10
DA:44,9
DA:45,11
DA:50,11
DA:51,2
DA:52,2
DA:54,11
DA:55,11
DA:56,4
DA:57,2
DA:58,11
DA:61,10
DA:72,0
DA:73,0
DA:74,0
DA:76,0
DA:77,0
DA:78,0
DA:80,0
DA:84,0
DA:85,0
DA:86,0
DA:87,0
DA:88,0
DA:93,0
DA:94,0
DA:95,0
DA:96,0
DA:97,0
DA:104,0
DA:105,0
DA:108,55
DA:117,24
DA:118,24
DA:119,24
DA:120,24
DA:121,24
DA:122,24
DA:124,24
DA:125,24
DA:126,10
DA:127,10
DA:128,10
DA:129,10
DA:131,20
DA:132,20
DA:133,12
DA:135,20
DA:140,20
DA:141,7
DA:142,7
DA:144,20
DA:145,20
DA:146,9
DA:147,2
DA:148,20
DA:150,10
DA:151,12
DA:157,10
DA:170,14
DA:171,14
DA:172,24
DA:173,3
DA:174,3
DA:175,21
DA:176,2
DA:177,2
DA:178,19
DA:179,2
DA:180,2
DA:183,14
DA:184,14
DA:193,19
DA:194,19
DA:195,19
DA:196,19
DA:197,19
DA:198,19
DA:200,19
DA:201,19
DA:202,3
DA:203,3
DA:204,3
DA:205,3
DA:206,3
DA:207,3
DA:208,5
DA:213,5
DA:214,1
DA:215,1
DA:217,5
DA:218,5
DA:219,2
DA:220,1
DA:221,5
DA:224,3
DA:233,0
DA:234,0
DA:235,0
DA:236,0
DA:237,0
DA:238,0
DA:239,0
DA:240,0
DA:241,0
DA:242,0
DA:245,0
DA:247,19
DA:256,50
DA:257,50
DA:262,50
DA:264,50
DA:266,36
DA:267,36
DA:270,36
DA:272,36
DA:273,35
DA:275,36
DA:276,36
DA:278,6
DA:279,6
DA:282,6
DA:284,6
DA:285,5
DA:287,6
DA:288,6
DA:290,7
DA:291,7
DA:294,7
DA:296,7
DA:297,7
DA:300,7
DA:301,6
DA:303,7
DA:304,7
DA:306,1
DA:307,1
DA:310,49
DA:311,6
DA:313,49
DA:324,49
DA:325,49
DA:327,49
DA:328,49
DA:329,22
DA:330,22
DA:332,49
DA:333,18
DA:334,18
DA:336,18
DA:337,8
DA:338,8
DA:339,0
DA:344,49
DA:345,16
DA:346,16
DA:349,49
DA:350,48
DA:351,48
DA:354,48
DA:356,35
DA:357,35
DA:359,6
DA:360,6
DA:362,7
DA:363,7
DA:365,0
DA:367,48
DA:381,48
DA:384,49
DA:385,1
DA:386,1
LF:193
LH:161
BRDA:37,0,0,10
BRDA:37,0,1,45
BRDA:39,1,0,10
BRDA:39,1,1,0
BRDA:43,2,0,9
BRDA:43,2,1,1
BRDA:46,3,0,11
BRDA:46,3,1,2
BRDA:47,4,0,7
BRDA:47,4,1,4
BRDA:47,5,0,2
BRDA:47,5,1,2
BRDA:50,6,0,2
BRDA:50,6,1,9
BRDA:50,7,0,11
BRDA:50,7,1,2
BRDA:55,8,0,7
BRDA:55,8,1,4
BRDA:56,9,0,2
BRDA:56,9,1,2
BRDA:57,10,0,2
BRDA:57,10,1,0
BRDA:62,11,0,10
BRDA:62,11,1,1
BRDA:64,12,0,8
BRDA:64,12,1,2
BRDA:76,13,0,0
BRDA:76,13,1,0
BRDA:76,14,0,0
BRDA:76,14,1,0
BRDA:77,15,0,0
BRDA:77,15,1,0
BRDA:84,16,0,0
BRDA:84,16,1,0
BRDA:84,17,0,0
BRDA:84,17,1,0
BRDA:87,18,0,0
BRDA:87,18,1,0
BRDA:93,19,0,0
BRDA:93,19,1,0
BRDA:93,20,0,0
BRDA:93,20,1,0
BRDA:96,21,0,0
BRDA:96,21,1,0
BRDA:104,22,0,0
BRDA:104,22,1,0
BRDA:125,23,0,10
BRDA:125,23,1,14
BRDA:127,24,0,10
BRDA:127,24,1,0
BRDA:131,25,0,20
BRDA:131,25,1,2
BRDA:131,26,0,2
BRDA:131,26,1,18
BRDA:132,27,0,12
BRDA:132,27,1,8
BRDA:136,28,0,20
BRDA:136,28,1,1
BRDA:137,29,0,11
BRDA:137,29,1,9
BRDA:137,30,0,2
BRDA:137,30,1,7
BRDA:140,31,0,7
BRDA:140,31,1,13
BRDA:145,32,0,11
BRDA:145,32,1,9
BRDA:146,33,0,7
BRDA:146,33,1,2
BRDA:147,34,0,2
BRDA:147,34,1,0
BRDA:172,35,0,3
BRDA:172,35,1,21
BRDA:174,36,0,3
BRDA:174,36,1,0
BRDA:175,37,0,2
BRDA:175,37,1,19
BRDA:177,38,0,2
BRDA:177,38,1,0
BRDA:178,39,0,2
BRDA:178,39,1,17
BRDA:180,40,0,2
BRDA:180,40,1,0
BRDA:201,41,0,3
BRDA:201,41,1,16
BRDA:203,42,0,3
BRDA:203,42,1,0
BRDA:206,43,0,3
BRDA:206,43,1,0
BRDA:209,44,0,5
BRDA:209,44,1,1
BRDA:210,45,0,3
BRDA:210,45,1,2
BRDA:210,46,0,1
BRDA:210,46,1,1
BRDA:213,47,0,1
BRDA:213,47,1,4
BRDA:213,48,0,5
BRDA:213,48,1,1
BRDA:218,49,0,3
BRDA:218,49,1,2
BRDA:219,50,0,1
BRDA:219,50,1,1
BRDA:220,51,0,1
BRDA:220,51,1,0
BRDA:225,52,0,3
BRDA:225,52,1,1
BRDA:235,53,0,0
BRDA:235,53,1,0
BRDA:237,54,0,0
BRDA:237,54,1,0
BRDA:238,55,0,0
BRDA:238,55,1,0
BRDA:240,56,0,0
BRDA:240,56,1,0
BRDA:242,57,0,0
BRDA:242,57,1,0
BRDA:256,58,0,15
BRDA:256,59,0,0
BRDA:256,60,0,21
BRDA:264,61,0,36
BRDA:264,61,1,6
BRDA:264,61,2,7
BRDA:264,61,3,1
BRDA:270,62,0,8
BRDA:270,62,1,28
BRDA:272,63,0,35
BRDA:272,63,1,1
BRDA:282,64,0,3
BRDA:282,64,1,3
BRDA:284,65,0,5
BRDA:284,65,1,1
BRDA:294,66,0,3
BRDA:294,66,1,4
BRDA:296,67,0,7
BRDA:296,67,1,0
BRDA:300,68,0,6
BRDA:300,68,1,1
BRDA:310,69,0,6
BRDA:310,69,1,43
BRDA:328,70,0,0
BRDA:328,70,1,49
BRDA:332,71,0,0
BRDA:332,71,1,49
BRDA:336,72,0,8
BRDA:336,72,1,10
BRDA:336,73,0,18
BRDA:336,73,1,8
BRDA:338,74,0,0
BRDA:338,74,1,8
BRDA:354,75,0,35
BRDA:354,75,1,6
BRDA:354,75,2,7
BRDA:354,75,3,0
BRDA:371,76,0,48
BRDA:371,76,1,0
BRDA:374,77,0,48
BRDA:374,77,1,47
BRDA:375,78,0,48
BRDA:375,78,1,48
BRDA:376,79,0,48
BRDA:376,79,1,47
BRDA:377,80,0,48
BRDA:377,80,1,48
BRF:163
BRH:116
end_of_record
TN:
SF:src/lib/variable-formatter.ts
FN:10,(anonymous_0)
FN:18,(anonymous_1)
FN:119,(anonymous_2)
FN:136,(anonymous_3)
FN:150,(anonymous_4)
FN:161,(anonymous_5)
FN:166,(anonymous_6)
FN:178,(anonymous_7)
FN:203,(anonymous_8)
FN:215,(anonymous_9)
FN:231,(anonymous_10)
FN:260,(anonymous_11)
FN:287,(anonymous_12)
FN:293,(anonymous_13)
FN:301,(anonymous_14)
FN:306,(anonymous_15)
FN:311,(anonymous_16)
FN:316,(anonymous_17)
FN:319,(anonymous_18)
FNF:19
FNH:19
FNDA:46,(anonymous_0)
FNDA:205,(anonymous_1)
FNDA:41,(anonymous_2)
FNDA:2,(anonymous_3)
FNDA:7,(anonymous_4)
FNDA:111,(anonymous_5)
FNDA:100,(anonymous_6)
FNDA:16,(anonymous_7)
FNDA:13,(anonymous_8)
FNDA:1,(anonymous_9)
FNDA:3,(anonymous_10)
FNDA:2,(anonymous_11)
FNDA:21,(anonymous_12)
FNDA:24,(anonymous_13)
FNDA:2,(anonymous_14)
FNDA:2,(anonymous_15)
FNDA:1,(anonymous_16)
FNDA:2,(anonymous_17)
FNDA:46,(anonymous_18)
DA:5,1
DA:8,1
DA:11,46
DA:14,1
DA:15,1
DA:20,205
DA:21,1
DA:22,1
DA:30,204
DA:31,1
DA:37,203
DA:38,1
DA:45,202
DA:46,202
DA:47,41
DA:49,161
DA:50,123
DA:56,38
DA:57,1
DA:63,37
DA:64,1
DA:71,36
DA:72,2
DA:75,34
DA:76,3
DA:83,31
DA:84,7
DA:87,24
DA:88,1
DA:95,23
DA:96,1
DA:99,22
DA:100,1
DA:107,21
DA:108,3
DA:111,18
DA:112,2
DA:115,16
DA:120,41
DA:121,39
DA:127,2
DA:128,2
DA:137,2
DA:138,2
DA:140,2
DA:141,2
DA:142,2
DA:151,7
DA:152,1
DA:158,6
DA:159,6
DA:160,6
DA:161,111
DA:163,6
DA:164,1
DA:165,1
DA:166,100
DA:168,5
DA:170,6
DA:180,16
DA:181,16
DA:182,1
DA:188,15
DA:189,15
DA:190,27
DA:191,27
DA:192,26
DA:193,26
DA:194,26
DA:196,1
DA:200,15
DA:201,4
DA:202,4
DA:203,13
DA:205,11
DA:207,15
DA:216,1
DA:219,1
DA:220,1
DA:221,1
DA:223,1
DA:232,3
DA:233,1
DA:239,2
DA:240,2
DA:241,2
DA:242,12
DA:243,0
DA:244,0
DA:246,12
DA:247,12
DA:248,12
DA:249,12
DA:251,2
DA:252,2
DA:261,2
DA:262,1
DA:268,1
DA:269,1
DA:270,1
DA:271,3
DA:272,0
DA:273,0
DA:275,3
DA:276,3
DA:278,1
DA:279,1
DA:288,21
DA:289,21
DA:294,24
DA:295,24
DA:297,0
DA:302,2
DA:307,2
DA:312,1
DA:317,2
DA:321,46
DA:331,46
LF:118
LH:113
BRDA:18,0,0,41
BRDA:21,1,0,1
BRDA:21,1,1,0
BRDA:30,2,0,1
BRDA:30,2,1,203
BRDA:37,3,0,1
BRDA:37,3,1,202
BRDA:46,4,0,41
BRDA:46,4,1,161
BRDA:49,5,0,123
BRDA:49,5,1,38
BRDA:49,6,0,161
BRDA:49,6,1,40
BRDA:56,7,0,1
BRDA:56,7,1,37
BRDA:63,8,0,1
BRDA:63,8,1,36
BRDA:71,9,0,2
BRDA:71,9,1,34
BRDA:75,10,0,3
BRDA:75,10,1,31
BRDA:83,11,0,7
BRDA:83,11,1,24
BRDA:87,12,0,1
BRDA:87,12,1,23
BRDA:95,13,0,1
BRDA:95,13,1,22
BRDA:99,14,0,1
BRDA:99,14,1,21
BRDA:107,15,0,3
BRDA:107,15,1,18
BRDA:111,16,0,2
BRDA:111,16,1,16
BRDA:120,17,0,39
BRDA:120,17,1,2
BRDA:137,18,0,2
BRDA:137,18,1,1
BRDA:141,19,0,2
BRDA:141,19,1,0
BRDA:151,20,0,1
BRDA:151,20,1,6
BRDA:163,21,0,1
BRDA:163,21,1,5
BRDA:166,22,0,1
BRDA:166,22,1,0
BRDA:168,23,0,1
BRDA:168,23,1,4
BRDA:173,24,0,6
BRDA:173,24,1,4
BRDA:180,25,0,0
BRDA:180,25,1,16
BRDA:181,26,0,1
BRDA:181,26,1,15
BRDA:193,27,0,25
BRDA:193,27,1,1
BRDA:200,28,0,4
BRDA:200,28,1,11
BRDA:209,29,0,15
BRDA:209,29,1,0
BRDA:209,30,0,0
BRDA:209,30,1,15
BRDA:219,31,0,1
BRDA:219,31,1,0
BRDA:232,32,0,1
BRDA:232,32,1,2
BRDA:242,33,0,0
BRDA:242,33,1,12
BRDA:261,34,0,1
BRDA:261,34,1,1
BRDA:271,35,0,0
BRDA:271,35,1,3
BRDA:289,36,0,21
BRDA:289,36,1,16
BRDA:294,37,0,24
BRDA:294,37,1,0
BRDA:319,38,0,42
BRDA:322,39,0,1
BRDA:322,39,1,45
BRDA:323,40,0,0
BRDA:323,40,1,46
BRDA:324,41,0,1
BRDA:324,41,1,45
BRDA:325,42,0,1
BRDA:325,42,1,45
BRDA:326,43,0,0
BRDA:326,43,1,46
BRDA:327,44,0,0
BRDA:327,44,1,46
BRDA:328,45,0,1
BRDA:328,45,1,45
BRDA:329,46,0,0
BRDA:329,46,1,46
BRF:92
BRH:78
end_of_record
TN:
SF:src/lib/variable-inspector.ts
FN:7,(anonymous_0)
FN:15,(anonymous_1)
FN:23,(anonymous_2)
FN:65,(anonymous_3)
FN:77,(anonymous_4)
FN:100,(anonymous_5)
FN:105,(anonymous_6)
FN:125,(anonymous_7)
FN:133,(anonymous_8)
FN:146,(anonymous_9)
FN:168,(anonymous_10)
FNF:11
FNH:11
FNDA:626,(anonymous_0)
FNDA:512,(anonymous_1)
FNDA:566,(anonymous_2)
FNDA:267,(anonymous_3)
FNDA:978,(anonymous_4)
FNDA:20,(anonymous_5)
FNDA:36,(anonymous_6)
FNDA:3,(anonymous_7)
FNDA:554,(anonymous_8)
FNDA:1527,(anonymous_9)
FNDA:625,(anonymous_10)
DA:2,18
DA:5,18
DA:8,626
DA:11,18
DA:16,512
DA:24,566
DA:26,566
DA:28,563
DA:36,3
DA:37,3
DA:38,3
DA:40,0
DA:41,0
DA:48,559
DA:50,5
DA:52,554
DA:54,13
DA:55,11
DA:57,2
DA:66,267
DA:67,267
DA:68,267
DA:74,262
DA:75,5
DA:77,257
DA:79,978
DA:89,5
DA:90,2
DA:92,3
DA:101,20
DA:106,36
DA:107,7
DA:111,29
DA:112,29
DA:113,29
DA:114,42
DA:116,16
DA:118,26
DA:121,29
DA:129,3
DA:134,554
DA:139,553
DA:140,24
DA:142,553
DA:147,1527
DA:148,29
DA:150,1497
DA:151,16
DA:154,1481
DA:155,1429
DA:158,52
DA:159,44
DA:166,8
DA:169,625
DA:170,625
LF:55
LH:53
BRDA:26,0,0,563
BRDA:26,0,1,3
BRDA:37,1,0,3
BRDA:37,1,1,0
BRDA:37,2,0,3
BRDA:37,2,1,0
BRDA:37,2,2,0
BRDA:48,3,0,5
BRDA:48,3,1,554
BRDA:50,4,0,5
BRDA:50,4,1,2
BRDA:50,5,0,0
BRDA:50,5,1,5
BRDA:54,6,0,11
BRDA:54,6,1,2
BRDA:65,7,0,260
BRDA:66,8,0,261
BRDA:66,9,0,261
BRDA:74,10,0,5
BRDA:74,10,1,257
BRDA:81,11,0,973
BRDA:81,11,1,5
BRDA:82,12,0,978
BRDA:82,12,1,6
BRDA:82,13,0,5
BRDA:82,13,1,973
BRDA:89,14,0,2
BRDA:89,14,1,3
BRDA:100,15,0,3
BRDA:106,16,0,7
BRDA:106,16,1,29
BRDA:114,17,0,16
BRDA:114,17,1,26
BRDA:114,18,0,42
BRDA:114,18,1,17
BRDA:114,18,2,17
BRDA:114,18,3,17
BRDA:139,19,0,24
BRDA:139,19,1,529
BRDA:147,20,0,29
BRDA:147,20,1,1497
BRDA:150,21,0,16
BRDA:150,21,1,1481
BRDA:150,22,0,1497
BRDA:150,22,1,56
BRDA:154,23,0,1429
BRDA:154,23,1,52
BRDA:158,24,0,44
BRDA:158,24,1,8
BRDA:158,25,0,52
BRDA:158,25,1,12
BRDA:166,26,0,8
BRDA:166,26,1,1
BRF:53
BRH:49
end_of_record
TN:
SF:src/lib/workspace-manager.ts
FN:10,(anonymous_0)
FN:20,(anonymous_1)
FN:42,(anonymous_2)
FN:78,(anonymous_3)
FN:123,(anonymous_4)
FN:141,(anonymous_5)
FN:152,(anonymous_6)
FN:152,(anonymous_7)
FN:152,(anonymous_8)
FN:157,(anonymous_9)
FN:177,(anonymous_10)
FN:207,(anonymous_11)
FN:211,(anonymous_12)
FN:224,(anonymous_13)
FN:229,(anonymous_14)
FN:239,(anonymous_15)
FN:251,(anonymous_16)
FN:262,(anonymous_17)
FN:268,(anonymous_18)
FN:271,(anonymous_19)
FNF:20
FNH:20
FNDA:30,(anonymous_0)
FNDA:32,(anonymous_1)
FNDA:31,(anonymous_2)
FNDA:29,(anonymous_3)
FNDA:2,(anonymous_4)
FNDA:3,(anonymous_5)
FNDA:5,(anonymous_6)
FNDA:5,(anonymous_7)
FNDA:4,(anonymous_8)
FNDA:29,(anonymous_9)
FNDA:35,(anonymous_10)
FNDA:25,(anonymous_11)
FNDA:6,(anonymous_12)
FNDA:3,(anonymous_13)
FNDA:2,(anonymous_14)
FNDA:2,(anonymous_15)
FNDA:1,(anonymous_16)
FNDA:2,(anonymous_17)
FNDA:1,(anonymous_18)
FNDA:30,(anonymous_19)
DA:5,1
DA:8,1
DA:11,30
DA:14,1
DA:15,1
DA:16,1
DA:17,1
DA:22,32
DA:23,32
DA:24,1
DA:27,31
DA:28,31
DA:29,2
DA:32,29
DA:34,29
DA:35,29
DA:36,29
DA:38,29
DA:43,31
DA:44,31
DA:45,31
DA:47,42
DA:48,42
DA:49,31
DA:51,31
DA:52,23
DA:55,8
DA:56,2
DA:59,6
DA:60,2
DA:63,4
DA:64,2
DA:68,13
DA:69,13
DA:70,0
DA:72,13
DA:74,2
DA:79,29
DA:80,29
DA:81,0
DA:83,29
DA:85,29
DA:86,29
DA:87,29
DA:88,2
DA:89,2
DA:90,27
DA:91,2
DA:92,2
DA:93,2
DA:96,25
DA:97,3
DA:98,3
DA:99,22
DA:101,22
DA:102,21
DA:103,1
DA:104,1
DA:107,22
DA:108,2
DA:110,20
DA:114,29
DA:115,29
DA:125,2
DA:126,2
DA:127,0
DA:129,2
DA:131,2
DA:132,2
DA:133,2
DA:142,3
DA:143,3
DA:144,0
DA:147,3
DA:148,3
DA:149,3
DA:150,0
DA:152,5
DA:153,3
DA:158,29
DA:159,29
DA:160,35
DA:161,35
DA:162,24
DA:163,24
DA:164,24
DA:165,24
DA:173,29
DA:178,35
DA:179,35
DA:182,35
DA:183,70
DA:184,70
DA:185,70
DA:187,34
DA:188,22
DA:191,22
DA:192,24
DA:193,24
DA:197,36
DA:199,1
DA:202,35
DA:205,70
DA:207,35
DA:212,6
DA:214,6
DA:215,3
DA:216,3
DA:217,3
DA:220,3
DA:226,3
DA:227,3
DA:228,3
DA:229,3
DA:230,3
DA:231,2
DA:235,1
DA:240,2
DA:241,2
DA:242,2
DA:243,1
DA:244,1
DA:247,1
DA:252,1
DA:255,1
DA:256,2
DA:258,1
DA:263,2
DA:264,2
DA:269,1
DA:272,30
LF:131
LH:126
BRDA:23,0,0,1
BRDA:23,0,1,31
BRDA:28,1,0,2
BRDA:28,1,1,29
BRDA:34,2,0,29
BRDA:34,2,1,0
BRDA:48,3,0,31
BRDA:48,3,1,11
BRDA:51,4,0,23
BRDA:51,4,1,8
BRDA:55,5,0,2
BRDA:55,5,1,6
BRDA:59,6,0,2
BRDA:59,6,1,4
BRDA:63,7,0,2
BRDA:63,7,1,2
BRDA:69,8,0,0
BRDA:69,8,1,13
BRDA:80,9,0,0
BRDA:80,9,1,29
BRDA:87,10,0,2
BRDA:87,10,1,27
BRDA:90,11,0,2
BRDA:90,11,1,25
BRDA:93,12,0,2
BRDA:93,12,1,0
BRDA:96,13,0,3
BRDA:96,13,1,22
BRDA:99,14,0,22
BRDA:99,14,1,0
BRDA:101,15,0,21
BRDA:101,15,1,1
BRDA:103,16,0,1
BRDA:103,16,1,0
BRDA:107,17,0,2
BRDA:107,17,1,20
BRDA:126,18,0,0
BRDA:126,18,1,2
BRDA:131,19,0,2
BRDA:131,19,1,1
BRDA:131,20,0,1
BRDA:131,20,1,1
BRDA:132,21,0,2
BRDA:132,21,1,1
BRDA:132,22,0,1
BRDA:132,22,1,1
BRDA:143,23,0,0
BRDA:143,23,1,3
BRDA:149,24,0,0
BRDA:149,24,1,3
BRDA:163,25,0,24
BRDA:163,25,1,0
BRDA:166,26,0,24
BRDA:166,26,1,0
BRDA:185,27,0,34
BRDA:185,27,1,36
BRDA:187,28,0,22
BRDA:187,28,1,12
BRDA:192,29,0,24
BRDA:192,29,1,0
BRDA:192,30,0,24
BRDA:192,30,1,24
BRDA:197,31,0,1
BRDA:197,31,1,35
BRDA:216,32,0,3
BRDA:216,32,1,0
BRDA:216,33,0,3
BRDA:216,33,1,0
BRDA:227,34,0,3
BRDA:227,34,1,0
BRDA:230,35,0,2
BRDA:230,35,1,1
BRDA:242,36,0,1
BRDA:242,36,1,1
BRDA:264,37,0,1
BRDA:264,37,1,1
BRF:76
BRH:61
end_of_record
